2026-01-21 19:31:22,833 - INFO - ============================================================
2026-01-21 19:31:22,833 - INFO - 兄弟馬スクレイピング開始
2026-01-21 19:31:22,833 - INFO - ============================================================
2026-01-21 19:31:22,833 - INFO - 対象馬を取得中...
2026-01-21 19:31:22,837 - INFO - target_horses.csvから3705頭を読み込みました
2026-01-21 19:31:22,838 - INFO - 出力ファイル: horse_siblings.csv
2026-01-21 19:31:22,838 - INFO - 開始時刻: 2026-01-21 19:31:22
2026-01-21 19:31:22,838 - INFO - ============================================================
2026-01-21 19:31:27,302 - INFO - [1/3705] horse_id: 2020104750 を処理中...
2026-01-21 19:31:27,918 - INFO - ✓ 成功: 最年長兄弟 セットアップ (2021年)
2026-01-21 19:31:32,003 - INFO - [2/3705] horse_id: 2021105418 を処理中...
2026-01-21 19:31:32,252 - INFO - ✓ 成功: 最年長兄弟 ヴェニゼロス (2023年)
2026-01-21 19:31:36,088 - INFO - [3/3705] horse_id: 2021105670 を処理中...
2026-01-21 19:31:36,504 - INFO - ✓ 成功: 最年長兄弟 リラエンブレム (2022年)
2026-01-21 19:31:39,809 - INFO - [4/3705] horse_id: 2021105724 を処理中...
2026-01-21 19:31:40,119 - INFO - ✓ 成功: 最年長兄弟 フィールドノート (2022年)
2026-01-21 19:31:47,658 - INFO - [5/3705] horse_id: 2021105743 を処理中...
2026-01-21 19:31:48,074 - INFO - ✓ 成功: 最年長兄弟 カークベイ (2019年)
2026-01-21 19:31:55,248 - INFO - [6/3705] horse_id: 2022103132 を処理中...
2026-01-21 19:31:56,050 - INFO - ✓ 成功: 最年長兄弟 クイーンズフジコ (2021年)
2026-01-21 19:32:00,654 - INFO - [7/3705] horse_id: 2022104635 を処理中...
2026-01-21 19:32:01,576 - INFO - ✓ 成功: 最年長兄弟 プロメサアルムンド (2023年)
2026-01-21 19:32:05,693 - INFO - [8/3705] horse_id: 2021103529 を処理中...
2026-01-21 19:32:06,602 - INFO - ✓ 成功: 最年長兄弟 コムーネ (2022年)
2026-01-21 19:32:14,018 - INFO - [9/3705] horse_id: 2022100417 を処理中...
2026-01-21 19:32:14,892 - INFO - ✓ 成功: 最年長兄弟 エクイティ (2021年)
2026-01-21 19:32:21,290 - INFO - [10/3705] horse_id: 2022103517 を処理中...
2026-01-21 19:32:21,681 - INFO - ✓ 成功: 最年長兄弟 リバーブレーション (2023年)
2026-01-21 19:32:21,681 - INFO -   進捗: 10/3705 | 成功: 10 | エラー: 0 | 予想残り時間: 362.4分
2026-01-21 19:32:27,222 - INFO - [11/3705] horse_id: 2022105927 を処理中...
2026-01-21 19:32:28,198 - INFO - ✓ 成功: 最年長兄弟 プランドールユー (2020年)
2026-01-21 19:32:31,996 - INFO - [12/3705] horse_id: 2021100121 を処理中...
2026-01-21 19:32:32,339 - INFO - ✓ 成功: 最年長兄弟 インディアンバーン (2022年)
2026-01-21 19:32:39,365 - INFO - [13/3705] horse_id: 2021101533 を処理中...
2026-01-21 19:32:39,720 - INFO - ✓ 成功: 最年長兄弟 オーシンエイチ (2022年)
2026-01-21 19:32:42,853 - INFO - [14/3705] horse_id: 2022107233 を処理中...
2026-01-21 19:32:43,294 - INFO - ✓ 成功: 最年長兄弟 カルカリーナの2025 (2025年)
2026-01-21 19:32:47,886 - INFO - [15/3705] horse_id: 2022107300 を処理中...
2026-01-21 19:32:48,717 - INFO - ✓ 成功: 最年長兄弟 リリイズアイズ (2023年)
2026-01-21 19:32:53,298 - INFO - [16/3705] horse_id: 2020100233 を処理中...
2026-01-21 19:32:54,134 - INFO - ✓ 成功: 最年長兄弟 モズマーヴェリック (2021年)
2026-01-21 19:33:01,295 - INFO - [17/3705] horse_id: 2020100254 を処理中...
2026-01-21 19:33:02,129 - INFO - ✓ 成功: 最年長兄弟 ニシノティアモ (2021年)
2026-01-21 19:33:07,651 - INFO - [18/3705] horse_id: 2021100675 を処理中...
2026-01-21 19:33:08,448 - INFO - ✓ 成功: 最年長兄弟 ダイヤノエース (2022年)
2026-01-21 19:33:13,580 - INFO - [19/3705] horse_id: 2021101701 を処理中...
2026-01-21 19:33:13,978 - INFO - ✓ 成功: 最年長兄弟 マハーギータ (2022年)
2026-01-21 19:33:21,441 - INFO - [20/3705] horse_id: 2021107262 を処理中...
2026-01-21 19:33:22,040 - INFO - ✓ 成功: 最年長兄弟 パロットフィッシュ (2023年)
2026-01-21 19:33:22,041 - INFO -   進捗: 20/3705 | 成功: 20 | エラー: 0 | 予想残り時間: 366.1分
2026-01-21 19:33:27,830 - INFO - [21/3705] horse_id: 2022102784 を処理中...
2026-01-21 19:33:28,708 - INFO - ✓ 成功: 最年長兄弟 ラッタッタの2024 (2024年)
2026-01-21 19:33:32,558 - INFO - [22/3705] horse_id: 2020110065 を処理中...
2026-01-21 19:33:33,306 - INFO - ✓ 成功: 兄弟なし
2026-01-21 19:33:37,071 - INFO - [23/3705] horse_id: 2020110104 を処理中...
2026-01-21 19:33:37,713 - INFO - ✓ 成功: 兄弟なし
2026-01-21 19:33:45,504 - INFO - [24/3705] horse_id: 2020110106 を処理中...
2026-01-21 19:33:45,764 - INFO - ✓ 成功: 兄弟なし
2026-01-21 19:33:52,943 - INFO - [25/3705] horse_id: 2020110131 を処理中...
2026-01-21 19:33:53,712 - INFO - ✓ 成功: 兄弟なし
2026-01-21 19:33:57,465 - INFO - [26/3705] horse_id: 2020110133 を処理中...
2026-01-21 19:33:57,758 - INFO - ✓ 成功: 兄弟なし
2026-01-21 19:34:03,603 - INFO - [27/3705] horse_id: 2020110136 を処理中...
2026-01-21 19:34:03,925 - INFO - ✓ 成功: 兄弟なし
2026-01-21 19:34:07,192 - INFO - [28/3705] horse_id: 2021110056 を処理中...
2026-01-21 19:34:08,026 - INFO - ✓ 成功: 兄弟なし
2026-01-21 19:34:14,656 - INFO - [29/3705] horse_id: 2021110057 を処理中...
2026-01-21 19:34:15,440 - INFO - ✓ 成功: 兄弟なし
2026-01-21 19:34:21,236 - INFO - [30/3705] horse_id: 2021110069 を処理中...
2026-01-21 19:34:21,937 - INFO - ✓ 成功: 兄弟なし
2026-01-21 19:34:21,937 - INFO -   進捗: 30/3705 | 成功: 30 | エラー: 0 | 予想残り時間: 365.7分
2026-01-21 19:34:25,902 - INFO - [31/3705] horse_id: 2021110131 を処理中...
2026-01-21 19:34:26,765 - INFO - ✓ 成功: 兄弟なし
2026-01-21 19:34:30,343 - INFO - [32/3705] horse_id: 2021110132 を処理中...
2026-01-21 19:34:30,595 - INFO - ✓ 成功: 兄弟なし
2026-01-21 19:34:34,111 - INFO - [33/3705] horse_id: 2021110134 を処理中...
2026-01-21 19:34:34,998 - INFO - ✓ 成功: 兄弟なし
2026-01-21 19:34:39,527 - INFO - [34/3705] horse_id: 2022110088 を処理中...
2026-01-21 19:34:40,169 - INFO - ✓ 成功: 兄弟なし
2026-01-21 19:34:46,163 - INFO - [35/3705] horse_id: 2022110107 を処理中...
2026-01-21 19:34:46,543 - INFO - ✓ 成功: 兄弟なし
2026-01-21 19:34:54,137 - INFO - [36/3705] horse_id: 2022110110 を処理中...
2026-01-21 19:34:54,930 - INFO - ✓ 成功: 兄弟なし
2026-01-21 19:35:01,496 - INFO - [37/3705] horse_id: 2022110111 を処理中...
2026-01-21 19:35:02,411 - INFO - ✓ 成功: 兄弟なし
2026-01-21 19:35:10,253 - INFO - [38/3705] horse_id: 2022110112 を処理中...
2026-01-21 19:35:10,604 - INFO - ✓ 成功: 兄弟なし
2026-01-21 19:35:16,313 - INFO - [39/3705] horse_id: 2022110114 を処理中...
2026-01-21 19:35:17,157 - INFO - ✓ 成功: 兄弟なし
2026-01-21 19:35:23,990 - INFO - [40/3705] horse_id: 2022110115 を処理中...
2026-01-21 19:35:24,733 - INFO - ✓ 成功: 兄弟なし
2026-01-21 19:35:24,734 - INFO -   進捗: 40/3705 | 成功: 40 | エラー: 0 | 予想残り時間: 369.4分
2026-01-21 19:35:28,445 - INFO - [41/3705] horse_id: 2021103708 を処理中...
2026-01-21 19:35:28,802 - INFO - ✓ 成功: 最年長兄弟 ルックアトミー (2022年)
2026-01-21 19:35:36,329 - INFO - [42/3705] horse_id: 2021104148 を処理中...
2026-01-21 19:35:37,013 - INFO - ✓ 成功: 兄弟なし
2026-01-21 19:35:42,332 - INFO - [43/3705] horse_id: 2021102259 を処理中...
2026-01-21 19:35:42,852 - INFO - ✓ 成功: 最年長兄弟 クリノバーグマン (2022年)
2026-01-21 19:35:48,497 - INFO - [44/3705] horse_id: 2022104164 を処理中...
2026-01-21 19:35:48,854 - INFO - ✓ 成功: 最年長兄弟 クラウンリング (2020年)
2026-01-21 19:35:52,184 - INFO - [45/3705] horse_id: 2021103140 を処理中...
2026-01-21 19:35:52,994 - INFO - ✓ 成功: 兄弟なし
2026-01-21 19:36:00,777 - INFO - [46/3705] horse_id: 2020106587 を処理中...
2026-01-21 19:36:01,014 - INFO - ✓ 成功: 最年長兄弟 マッドシェリー (2018年)
2026-01-21 19:36:06,190 - INFO - [47/3705] horse_id: 2021105654 を処理中...
2026-01-21 19:36:07,104 - INFO - ✓ 成功: 兄弟なし
2026-01-21 19:36:12,429 - INFO - [48/3705] horse_id: 2022104942 を処理中...
2026-01-21 19:36:13,467 - INFO - ✓ 成功: 最年長兄弟 ドリームコア (2023年)
2026-01-21 19:36:18,841 - INFO - [49/3705] horse_id: 2021107255 を処理中...
2026-01-21 19:36:19,098 - INFO - ✓ 成功: 最年長兄弟 ゼットガガの2020 (2020年)
2026-01-21 19:36:25,642 - INFO - [50/3705] horse_id: 2021109027 を処理中...
2026-01-21 19:36:25,898 - INFO - ✓ 成功: 最年長兄弟 ロックマジェスティ (2022年)
2026-01-21 19:36:25,898 - INFO -   進捗: 50/3705 | 成功: 50 | エラー: 0 | 予想残り時間: 369.2分
2026-01-21 19:36:32,708 - INFO - [51/3705] horse_id: 2022103186 を処理中...
2026-01-21 19:36:33,641 - INFO - ✓ 成功: 最年長兄弟 メイショウルーク (2023年)
2026-01-21 19:36:39,346 - INFO - [52/3705] horse_id: 2022103515 を処理中...
2026-01-21 19:36:39,594 - INFO - ✓ 成功: 最年長兄弟 シグルーンの2023 (2023年)
2026-01-21 19:36:45,061 - INFO - [53/3705] horse_id: 2022106768 を処理中...
2026-01-21 19:36:45,520 - INFO - ✓ 成功: 最年長兄弟 トライアンフパス (2023年)
2026-01-21 19:36:49,400 - INFO - [54/3705] horse_id: 2021100187 を処理中...
2026-01-21 19:36:50,295 - INFO - ✓ 成功: 最年長兄弟 ニシノテンカラットの2022 (2022年)
2026-01-21 19:36:57,300 - INFO - [55/3705] horse_id: 2021100980 を処理中...
2026-01-21 19:36:57,829 - INFO - ✓ 成功: 最年長兄弟 オーケーイーグル (2022年)
2026-01-21 19:37:01,872 - INFO - [56/3705] horse_id: 2021106797 を処理中...
2026-01-21 19:37:02,644 - INFO - ✓ 成功: 最年長兄弟 コスモラムバック (2023年)
2026-01-21 19:37:07,435 - INFO - [57/3705] horse_id: 2022102338 を処理中...
2026-01-21 19:37:08,194 - INFO - ✓ 成功: 最年長兄弟 マヤノイマジン (2023年)
2026-01-21 19:37:11,661 - INFO - [58/3705] horse_id: 2022102567 を処理中...
2026-01-21 19:37:11,897 - INFO - ✓ 成功: 最年長兄弟 プレシャスフェザー (2023年)
2026-01-21 19:37:19,777 - INFO - [59/3705] horse_id: 2022104643 を処理中...
2026-01-21 19:37:20,332 - INFO - ✓ 成功: 最年長兄弟 ホワイトフレイムス (2023年)
2026-01-21 19:37:24,901 - INFO - [60/3705] horse_id: 2022106792 を処理中...
2026-01-21 19:37:25,487 - INFO - ✓ 成功: 最年長兄弟 フルフィルメント (2023年)
2026-01-21 19:37:25,489 - INFO -   進捗: 60/3705 | 成功: 60 | エラー: 0 | 予想残り時間: 367.2分
2026-01-21 19:37:32,709 - INFO - [61/3705] horse_id: 2022106817 を処理中...
2026-01-21 19:37:33,386 - INFO - ✓ 成功: 最年長兄弟 フェーダーローター (2023年)
2026-01-21 19:37:37,510 - INFO - [62/3705] horse_id: 2020104135 を処理中...
2026-01-21 19:37:38,360 - INFO - ✓ 成功: 最年長兄弟 マスターオブアジア (2021年)
2026-01-21 19:37:45,989 - INFO - [63/3705] horse_id: 2020106384 を処理中...
2026-01-21 19:37:47,082 - INFO - ✓ 成功: 最年長兄弟 エピファドール (2021年)
2026-01-21 19:37:52,787 - INFO - [64/3705] horse_id: 2021100557 を処理中...
2026-01-21 19:37:53,595 - INFO - ✓ 成功: 最年長兄弟 バスキュラリティ (2022年)
2026-01-21 19:37:59,852 - INFO - [65/3705] horse_id: 2022110038 を処理中...
2026-01-21 19:37:59,968 - INFO - ✓ 成功: 最年長兄弟 トゥウィンクルベリーの2024 (2024年)
2026-01-21 19:38:04,461 - INFO - [66/3705] horse_id: 2021101081 を処理中...
2026-01-21 19:38:05,291 - INFO - ✓ 成功: 最年長兄弟 マザックヤースの2018 (2018年)
2026-01-21 19:38:09,636 - INFO - [67/3705] horse_id: 2021101429 を処理中...
2026-01-21 19:38:09,913 - INFO - ✓ 成功: 最年長兄弟 フラワーパレード (2019年)
2026-01-21 19:38:14,760 - INFO - [68/3705] horse_id: 2021100005 を処理中...
2026-01-21 19:38:15,529 - INFO - ✓ 成功: 最年長兄弟 グランエクシト (2015年)
2026-01-21 19:38:19,869 - INFO - [69/3705] horse_id: 2021104276 を処理中...
2026-01-21 19:38:20,146 - INFO - ✓ 成功: 最年長兄弟 ユアマイドリーム (2022年)
2026-01-21 19:38:27,661 - INFO - [70/3705] horse_id: 2021110003 を処理中...
2026-01-21 19:38:28,499 - INFO - ✓ 成功: 最年長兄弟 ラブインザポイント (2022年)
2026-01-21 19:38:28,499 - INFO -   進捗: 70/3705 | 成功: 70 | エラー: 0 | 予想残り時間: 368.4分
2026-01-21 19:38:32,710 - INFO - [71/3705] horse_id: 2021110104 を処理中...
2026-01-21 19:38:33,146 - INFO - ✓ 成功: 最年長兄弟 イージーファクト (2018年)
2026-01-21 19:38:39,145 - INFO - [72/3705] horse_id: 2022106187 を処理中...
2026-01-21 19:38:39,404 - INFO - ✓ 成功: 最年長兄弟 キョウワヒラリーの2024 (2024年)
2026-01-21 19:38:44,438 - INFO - [73/3705] horse_id: 2021105387 を処理中...
2026-01-21 19:38:44,837 - INFO - ✓ 成功: 最年長兄弟 レイナデアルシーラ (2022年)
2026-01-21 19:38:50,505 - INFO - [74/3705] horse_id: 2021110023 を処理中...
2026-01-21 19:38:51,277 - INFO - ✓ 成功: 最年長兄弟 エクストラマイルの2024 (2024年)
2026-01-21 19:38:54,378 - INFO - [75/3705] horse_id: 2022100736 を処理中...
2026-01-21 19:38:54,711 - INFO - ✓ 成功: 最年長兄弟 ポッドワイルド (2021年)
2026-01-21 19:39:00,855 - INFO - [76/3705] horse_id: 2022106767 を処理中...
2026-01-21 19:39:01,078 - INFO - ✓ 成功: 最年長兄弟 アリストクラット (2023年)
2026-01-21 19:39:08,991 - INFO - [77/3705] horse_id: 2020102315 を処理中...
2026-01-21 19:39:09,909 - INFO - ✓ 成功: 最年長兄弟 ラブミーナンシー (2012年)
2026-01-21 19:39:14,187 - INFO - [78/3705] horse_id: 2020104960 を処理中...
2026-01-21 19:39:15,107 - INFO - ✓ 成功: 最年長兄弟 ポッドソング (2021年)
2026-01-21 19:39:21,820 - INFO - [79/3705] horse_id: 2021101793 を処理中...
2026-01-21 19:39:22,200 - INFO - ✓ 成功: 最年長兄弟 バジガクシェリール (2018年)
2026-01-21 19:39:28,621 - INFO - [80/3705] horse_id: 2020101655 を処理中...
2026-01-21 19:39:29,106 - INFO - ✓ 成功: 最年長兄弟 マオノサプライズ (2017年)
2026-01-21 19:39:29,106 - INFO -   進捗: 80/3705 | 成功: 80 | エラー: 0 | 予想残り時間: 367.2分
2026-01-21 19:39:36,167 - INFO - [81/3705] horse_id: 2020102135 を処理中...
2026-01-21 19:39:37,003 - INFO - ✓ 成功: 最年長兄弟 ショウゲキノノロシ (2017年)
2026-01-21 19:39:43,179 - INFO - [82/3705] horse_id: 2020105525 を処理中...
2026-01-21 19:39:43,822 - INFO - ✓ 成功: 最年長兄弟 エースアウト (2018年)
2026-01-21 19:39:47,426 - INFO - [83/3705] horse_id: 2020101652 を処理中...
2026-01-21 19:39:48,539 - INFO - ✓ 成功: 最年長兄弟 アプレロンデ (2019年)
2026-01-21 19:39:53,519 - INFO - [84/3705] horse_id: 2022105885 を処理中...
2026-01-21 19:39:54,275 - INFO - ✓ 成功: 最年長兄弟 ウシワカマル (2023年)
2026-01-21 19:39:59,406 - INFO - [85/3705] horse_id: 2019102665 を処理中...
2026-01-21 19:40:00,731 - INFO - ✓ 成功: 最年長兄弟 サンストックトン (2013年)
2026-01-21 19:40:04,875 - INFO - [86/3705] horse_id: 2020100084 を処理中...
2026-01-21 19:40:05,220 - INFO - ✓ 成功: 最年長兄弟 タカマキファイブ (2022年)
2026-01-21 19:40:10,994 - INFO - [87/3705] horse_id: 2022106926 を処理中...
2026-01-21 19:40:11,299 - INFO - ✓ 成功: 最年長兄弟 テンカラットレター (2023年)
2026-01-21 19:40:15,152 - INFO - [88/3705] horse_id: 2020110123 を処理中...
2026-01-21 19:40:15,882 - INFO - ✓ 成功: 兄弟なし
2026-01-21 19:40:19,287 - INFO - [89/3705] horse_id: 2021105859 を処理中...
2026-01-21 19:40:19,706 - INFO - ✓ 成功: 最年長兄弟 オリオアルセーリオ (2022年)
2026-01-21 19:40:26,659 - INFO - [90/3705] horse_id: 2021105974 を処理中...
2026-01-21 19:40:26,994 - INFO - ✓ 成功: 最年長兄弟 ロートホルン (2022年)
2026-01-21 19:40:26,994 - INFO -   進捗: 90/3705 | 成功: 90 | エラー: 0 | 予想残り時間: 364.3分
2026-01-21 19:40:33,043 - INFO - [91/3705] horse_id: 2022104839 を処理中...
2026-01-21 19:40:33,690 - INFO - ✓ 成功: 最年長兄弟 ジョイカネラの2023 (2023年)
2026-01-21 19:40:39,427 - INFO - [92/3705] horse_id: 2022105556 を処理中...
2026-01-21 19:40:40,169 - INFO - ✓ 成功: 最年長兄弟 リトルモンスターの2023 (2023年)
2026-01-21 19:40:47,444 - INFO - [93/3705] horse_id: 2021101554 を処理中...
2026-01-21 19:40:48,365 - INFO - ✓ 成功: 最年長兄弟 エイシンピストン (2018年)
2026-01-21 19:40:54,470 - INFO - [94/3705] horse_id: 2021103868 を処理中...
2026-01-21 19:40:55,197 - INFO - ✓ 成功: 最年長兄弟 パワーストーン (2022年)
2026-01-21 19:40:59,708 - INFO - [95/3705] horse_id: 2021110063 を処理中...
2026-01-21 19:41:00,194 - INFO - ✓ 成功: 兄弟なし
2026-01-21 19:41:06,636 - INFO - [96/3705] horse_id: 2022101043 を処理中...
2026-01-21 19:41:07,392 - INFO - ✓ 成功: 最年長兄弟 ベルク (2018年)
2026-01-21 19:41:15,255 - INFO - [97/3705] horse_id: 2022103714 を処理中...
2026-01-21 19:41:15,542 - INFO - ✓ 成功: 最年長兄弟 ミルトハーバー (2023年)
2026-01-21 19:41:23,275 - INFO - [98/3705] horse_id: 2022106647 を処理中...
2026-01-21 19:41:24,048 - INFO - ✓ 成功: 最年長兄弟 トップソリストの2024 (2024年)
2026-01-21 19:41:27,837 - INFO - [99/3705] horse_id: 2022107342 を処理中...
2026-01-21 19:41:28,152 - INFO - ✓ 成功: 最年長兄弟 ホヌタン (2023年)
2026-01-21 19:41:31,509 - INFO - [100/3705] horse_id: 2021103716 を処理中...
2026-01-21 19:41:31,740 - INFO - ✓ 成功: 最年長兄弟 ディセプティコン (2022年)
2026-01-21 19:41:31,740 - INFO -   進捗: 100/3705 | 成功: 100 | エラー: 0 | 予想残り時間: 365.8分
2026-01-21 19:41:35,985 - INFO - [101/3705] horse_id: 2021100475 を処理中...
2026-01-21 19:41:36,868 - INFO - ✓ 成功: 最年長兄弟 マミーブルー (2022年)
2026-01-21 19:41:44,218 - INFO - [102/3705] horse_id: 2021102774 を処理中...
2026-01-21 19:41:44,738 - INFO - ✓ 成功: 最年長兄弟 ノンリミタシオン (2020年)
2026-01-21 19:41:51,658 - INFO - [103/3705] horse_id: 2022106874 を処理中...
2026-01-21 19:41:52,428 - INFO - ✓ 成功: 最年長兄弟 ナムラモヨの2023 (2023年)
2026-01-21 19:57:03,617 - INFO - [104/3705] horse_id: 2021110022 を処理中...
2026-01-21 19:57:03,661 - WARNING - リクエストエラー (試行 1/3): ('Connection aborted.', ConnectionResetError(54, 'Connection reset by peer'))
2026-01-21 20:13:49,003 - INFO - ✓ 成功: 兄弟なし
2026-01-21 20:28:39,100 - INFO - [105/3705] horse_id: 2022102954 を処理中...
2026-01-21 20:28:39,541 - WARNING - リクエストエラー (試行 1/3): ('Connection aborted.', ConnectionResetError(54, 'Connection reset by peer'))
2026-01-21 20:28:45,522 - INFO - ✓ 成功: 最年長兄弟 アズデザイヤ (2021年)
2026-01-21 20:28:51,680 - INFO - [106/3705] horse_id: 2020100363 を処理中...
2026-01-21 20:28:52,265 - INFO - ✓ 成功: 最年長兄弟 ルミリオン (2021年)
2026-01-21 20:28:57,035 - INFO - [107/3705] horse_id: 2022100320 を処理中...
2026-01-21 20:28:57,974 - INFO - ✓ 成功: 最年長兄弟 カレーパン (2020年)
