2026-01-21 00:55:00,803 - INFO - ============================================================
2026-01-21 00:55:00,803 - INFO - 兄弟馬スクレイピング開始
2026-01-21 00:55:00,803 - INFO - ============================================================
2026-01-21 00:55:00,803 - INFO - 対象馬を取得中...
2026-01-21 00:55:00,808 - INFO - target_horses.csvから3706頭を読み込みました
2026-01-21 00:55:00,808 - INFO - 開始時刻: 2026-01-21 00:55:00
2026-01-21 00:55:00,808 - INFO - ============================================================
2026-01-21 00:55:07,260 - INFO - [1/3706] horse_id: horse_id を処理中...
2026-01-21 00:55:07,722 - INFO - ✓ 成功: 兄弟なし
2026-01-21 00:55:11,481 - INFO - [2/3706] horse_id: 2020104750 を処理中...
2026-01-21 00:55:11,585 - INFO - ✓ 成功: 最年長兄弟 セットアップ (2021年)
2026-01-21 00:55:17,646 - INFO - [3/3706] horse_id: 2021105418 を処理中...
2026-01-21 00:55:18,349 - INFO - ✓ 成功: 最年長兄弟 ヴェニゼロス (2023年)
2026-01-21 00:55:25,582 - INFO - [4/3706] horse_id: 2021105670 を処理中...
2026-01-21 00:55:26,346 - INFO - ✓ 成功: 最年長兄弟 リラエンブレム (2022年)
2026-01-21 00:55:30,212 - INFO - [5/3706] horse_id: 2021105724 を処理中...
2026-01-21 00:55:30,832 - INFO - ✓ 成功: 最年長兄弟 フィールドノート (2022年)
2026-01-21 00:55:37,496 - INFO - [6/3706] horse_id: 2021105743 を処理中...
2026-01-21 00:55:37,670 - INFO - ✓ 成功: 最年長兄弟 カークベイ (2019年)
2026-01-21 00:55:43,092 - INFO - [7/3706] horse_id: 2022103132 を処理中...
2026-01-21 00:55:43,435 - INFO - ✓ 成功: 最年長兄弟 クイーンズフジコ (2021年)
2026-01-21 00:55:50,116 - INFO - [8/3706] horse_id: 2022104635 を処理中...
2026-01-21 00:55:51,029 - INFO - ✓ 成功: 最年長兄弟 プロメサアルムンド (2023年)
2026-01-21 00:55:57,903 - INFO - [9/3706] horse_id: 2021103529 を処理中...
2026-01-21 00:55:58,296 - INFO - ✓ 成功: 最年長兄弟 コムーネ (2022年)
2026-01-21 00:56:06,277 - INFO - [10/3706] horse_id: 2022100417 を処理中...
2026-01-21 00:56:06,581 - INFO - ✓ 成功: 最年長兄弟 エクイティ (2021年)
2026-01-21 00:56:06,581 - INFO -   進捗: 10/3706 | 成功: 10 | エラー: 0 | 予想残り時間: 405.2分
2026-01-21 00:56:10,951 - INFO - [11/3706] horse_id: 2022103517 を処理中...
2026-01-21 00:56:11,640 - INFO - ✓ 成功: 最年長兄弟 リバーブレーション (2023年)
2026-01-21 00:56:17,154 - INFO - [12/3706] horse_id: 2022105927 を処理中...
2026-01-21 00:56:17,492 - INFO - ✓ 成功: 最年長兄弟 プランドールユー (2020年)
