2026-01-21 00:52:18,578 - INFO - ============================================================
2026-01-21 00:52:18,578 - INFO - 兄弟馬スクレイピング開始
2026-01-21 00:52:18,578 - INFO - ============================================================
2026-01-21 00:52:18,578 - INFO - 対象馬を取得中...
2026-01-21 00:52:18,582 - INFO - target_horses.csvから2頭を読み込みました
2026-01-21 00:52:18,582 - INFO - 開始時刻: 2026-01-21 00:52:18
2026-01-21 00:52:18,582 - INFO - ============================================================
2026-01-21 00:52:23,575 - INFO - [1/2] horse_id: 2021105743 を処理中...
2026-01-21 00:52:23,989 - INFO - ✓ 成功: 最年長兄弟 カークベイ (2019年)
2026-01-21 00:52:31,071 - INFO - [2/2] horse_id: 2019105278 を処理中...
2026-01-21 00:52:31,764 - INFO - ✓ 成功: 最年長兄弟 キングズレイン (2020年)
2026-01-21 00:52:31,773 - INFO - 
2026-01-21 00:52:31,773 - INFO - ============================================================
2026-01-21 00:52:31,773 - INFO - ✓ すべての処理が完了しました
2026-01-21 00:52:31,773 - INFO - ============================================================
2026-01-21 00:52:31,773 - INFO - 終了時刻: 2026-01-21 00:52:31
2026-01-21 00:52:31,773 - INFO - 総処理時間: 0.00時間 (0.2分)
2026-01-21 00:52:31,773 - INFO - 処理結果:
2026-01-21 00:52:31,773 - INFO -   - 総数: 2
2026-01-21 00:52:31,773 - INFO -   - 成功: 2
2026-01-21 00:52:31,773 - INFO -   - エラー: 0
2026-01-21 00:52:31,773 - INFO - 出力ファイル: horse_siblings.csv (2件)
2026-01-21 00:52:31,773 - INFO - ============================================================
