2026-01-21 00:57:10,476 - INFO - ============================================================
2026-01-21 00:57:10,477 - INFO - 兄弟馬スクレイピング開始
2026-01-21 00:57:10,477 - INFO - ============================================================
2026-01-21 00:57:10,477 - INFO - 対象馬を取得中...
2026-01-21 00:57:10,482 - INFO - target_horses.csvから3706頭を読み込みました
2026-01-21 00:57:10,483 - INFO - 出力ファイル: horse_siblings.csv
2026-01-21 00:57:10,483 - INFO - 開始時刻: 2026-01-21 00:57:10
2026-01-21 00:57:10,483 - INFO - ============================================================
2026-01-21 00:57:14,037 - INFO - [1/3706] horse_id: horse_id を処理中...
2026-01-21 00:57:14,458 - INFO - ✓ 成功: 兄弟なし
2026-01-21 00:57:17,979 - INFO - [2/3706] horse_id: 2020104750 を処理中...
2026-01-21 00:57:18,795 - INFO - ✓ 成功: 最年長兄弟 セットアップ (2021年)
2026-01-21 00:57:26,194 - INFO - [3/3706] horse_id: 2021105418 を処理中...
2026-01-21 00:57:26,463 - INFO - ✓ 成功: 最年長兄弟 ヴェニゼロス (2023年)
2026-01-21 00:57:29,507 - INFO - [4/3706] horse_id: 2021105670 を処理中...
2026-01-21 00:57:29,824 - INFO - ✓ 成功: 最年長兄弟 リラエンブレム (2022年)
2026-01-21 00:57:35,260 - INFO - [5/3706] horse_id: 2021105724 を処理中...
2026-01-21 00:57:35,604 - INFO - ✓ 成功: 最年長兄弟 フィールドノート (2022年)
2026-01-21 00:57:41,505 - INFO - [6/3706] horse_id: 2021105743 を処理中...
2026-01-21 00:57:42,007 - INFO - ✓ 成功: 最年長兄弟 カークベイ (2019年)
2026-01-21 00:57:46,942 - INFO - [7/3706] horse_id: 2022103132 を処理中...
2026-01-21 00:57:47,701 - INFO - ✓ 成功: 最年長兄弟 クイーンズフジコ (2021年)
2026-01-21 00:57:52,023 - INFO - [8/3706] horse_id: 2022104635 を処理中...
2026-01-21 00:57:52,829 - INFO - ✓ 成功: 最年長兄弟 プロメサアルムンド (2023年)
2026-01-21 00:57:59,987 - INFO - [9/3706] horse_id: 2021103529 を処理中...
2026-01-21 00:58:00,331 - INFO - ✓ 成功: 最年長兄弟 コムーネ (2022年)
2026-01-21 00:58:08,312 - INFO - [10/3706] horse_id: 2022100417 を処理中...
2026-01-21 00:58:08,617 - INFO - ✓ 成功: 最年長兄弟 エクイティ (2021年)
2026-01-21 00:58:08,617 - INFO -   進捗: 10/3706 | 成功: 10 | エラー: 0 | 予想残り時間: 358.1分
2026-01-21 00:58:11,776 - INFO - [11/3706] horse_id: 2022103517 を処理中...
2026-01-21 00:58:12,138 - INFO - ✓ 成功: 最年長兄弟 リバーブレーション (2023年)
2026-01-21 00:58:16,381 - INFO - [12/3706] horse_id: 2022105927 を処理中...
2026-01-21 00:58:17,145 - INFO - ✓ 成功: 最年長兄弟 プランドールユー (2020年)
2026-01-21 00:58:20,216 - INFO - [13/3706] horse_id: 2021100121 を処理中...
2026-01-21 00:58:20,485 - INFO - ✓ 成功: 最年長兄弟 インディアンバーン (2022年)
2026-01-21 00:58:24,091 - INFO - [14/3706] horse_id: 2021101533 を処理中...
2026-01-21 00:58:24,369 - INFO - ✓ 成功: 最年長兄弟 オーシンエイチ (2022年)
2026-01-21 00:58:29,050 - INFO - [15/3706] horse_id: 2022107233 を処理中...
2026-01-21 00:58:29,582 - INFO - ✓ 成功: 最年長兄弟 カルカリーナの2025 (2025年)
2026-01-21 00:58:35,171 - INFO - [16/3706] horse_id: 2022107300 を処理中...
2026-01-21 00:58:35,586 - INFO - ✓ 成功: 最年長兄弟 リリイズアイズ (2023年)
2026-01-21 00:58:38,899 - INFO - [17/3706] horse_id: 2020100233 を処理中...
2026-01-21 00:58:39,835 - INFO - ✓ 成功: 最年長兄弟 モズマーヴェリック (2021年)
2026-01-21 00:58:46,506 - INFO - [18/3706] horse_id: 2020100254 を処理中...
2026-01-21 00:58:46,809 - INFO - ✓ 成功: 最年長兄弟 ニシノティアモ (2021年)
2026-01-21 00:58:51,154 - INFO - [19/3706] horse_id: 2021100675 を処理中...
2026-01-21 00:58:51,465 - INFO - ✓ 成功: 最年長兄弟 ダイヤノエース (2022年)
2026-01-21 00:58:58,635 - INFO - [20/3706] horse_id: 2021101701 を処理中...
2026-01-21 00:58:59,097 - INFO - ✓ 成功: 最年長兄弟 マハーギータ (2022年)
2026-01-21 00:58:59,097 - INFO -   進捗: 20/3706 | 成功: 20 | エラー: 0 | 予想残り時間: 333.6分
2026-01-21 00:59:02,138 - INFO - [21/3706] horse_id: 2021107262 を処理中...
2026-01-21 00:59:02,455 - INFO - ✓ 成功: 最年長兄弟 パロットフィッシュ (2023年)
2026-01-21 00:59:06,373 - INFO - [22/3706] horse_id: 2022102784 を処理中...
2026-01-21 00:59:06,656 - INFO - ✓ 成功: 最年長兄弟 ラッタッタの2024 (2024年)
2026-01-21 00:59:11,815 - INFO - [23/3706] horse_id: 2020110065 を処理中...
2026-01-21 00:59:12,067 - INFO - ✓ 成功: 兄弟なし
2026-01-21 00:59:16,337 - INFO - [24/3706] horse_id: 2020110104 を処理中...
2026-01-21 00:59:17,108 - INFO - ✓ 成功: 兄弟なし
2026-01-21 00:59:22,099 - INFO - [25/3706] horse_id: 2020110106 を処理中...
2026-01-21 00:59:23,091 - INFO - ✓ 成功: 兄弟なし
2026-01-21 00:59:28,262 - INFO - [26/3706] horse_id: 2020110131 を処理中...
2026-01-21 00:59:28,630 - INFO - ✓ 成功: 兄弟なし
2026-01-21 00:59:32,768 - INFO - [27/3706] horse_id: 2020110133 を処理中...
2026-01-21 00:59:33,552 - INFO - ✓ 成功: 兄弟なし
2026-01-21 00:59:41,425 - INFO - [28/3706] horse_id: 2020110136 を処理中...
2026-01-21 00:59:42,247 - INFO - ✓ 成功: 兄弟なし
2026-01-21 00:59:48,713 - INFO - [29/3706] horse_id: 2021110056 を処理中...
2026-01-21 00:59:49,212 - INFO - ✓ 成功: 兄弟なし
2026-01-21 00:59:54,587 - INFO - [30/3706] horse_id: 2021110057 を処理中...
2026-01-21 00:59:54,834 - INFO - ✓ 成功: 兄弟なし
2026-01-21 00:59:54,834 - INFO -   進捗: 30/3706 | 成功: 30 | エラー: 0 | 予想残り時間: 335.6分
2026-01-21 01:00:00,117 - INFO - [31/3706] horse_id: 2021110069 を処理中...
2026-01-21 01:00:00,494 - INFO - ✓ 成功: 兄弟なし
2026-01-21 01:00:05,949 - INFO - [32/3706] horse_id: 2021110131 を処理中...
2026-01-21 01:00:06,716 - INFO - ✓ 成功: 兄弟なし
2026-01-21 01:00:09,914 - INFO - [33/3706] horse_id: 2021110132 を処理中...
2026-01-21 01:00:10,327 - INFO - ✓ 成功: 兄弟なし
2026-01-21 01:00:17,806 - INFO - [34/3706] horse_id: 2021110134 を処理中...
2026-01-21 01:00:18,277 - INFO - ✓ 成功: 兄弟なし
2026-01-21 01:00:24,580 - INFO - [35/3706] horse_id: 2022110088 を処理中...
2026-01-21 01:00:24,831 - INFO - ✓ 成功: 兄弟なし
2026-01-21 01:00:30,991 - INFO - [36/3706] horse_id: 2022110107 を処理中...
2026-01-21 01:00:31,584 - INFO - ✓ 成功: 兄弟なし
2026-01-21 01:00:37,605 - INFO - [37/3706] horse_id: 2022110110 を処理中...
2026-01-21 01:00:38,118 - INFO - ✓ 成功: 兄弟なし
2026-01-21 01:00:44,865 - INFO - [38/3706] horse_id: 2022110111 を処理中...
2026-01-21 01:00:45,221 - INFO - ✓ 成功: 最年長兄弟 Benbaun (2001年)
2026-01-21 01:00:51,937 - INFO - [39/3706] horse_id: 2022110112 を処理中...
2026-01-21 01:00:52,263 - INFO - ✓ 成功: 兄弟なし
2026-01-21 01:00:59,331 - INFO - [40/3706] horse_id: 2022110114 を処理中...
2026-01-21 01:01:00,141 - INFO - ✓ 成功: 兄弟なし
2026-01-21 01:01:00,141 - INFO -   進捗: 40/3706 | 成功: 40 | エラー: 0 | 予想残り時間: 350.8分
2026-01-21 01:01:07,221 - INFO - [41/3706] horse_id: 2022110115 を処理中...
2026-01-21 01:01:08,181 - INFO - ✓ 成功: 兄弟なし
2026-01-21 01:01:14,783 - INFO - [42/3706] horse_id: 2021103708 を処理中...
2026-01-21 01:01:15,655 - INFO - ✓ 成功: 最年長兄弟 ルックアトミー (2022年)
2026-01-21 01:01:23,425 - INFO - [43/3706] horse_id: 2021104148 を処理中...
2026-01-21 01:01:23,751 - INFO - ✓ 成功: 最年長兄弟 アルママ (2016年)
2026-01-21 01:01:28,613 - INFO - [44/3706] horse_id: 2021102259 を処理中...
2026-01-21 01:01:28,947 - INFO - ✓ 成功: 最年長兄弟 クリノバーグマン (2022年)
2026-01-21 01:01:33,442 - INFO - [45/3706] horse_id: 2022104164 を処理中...
2026-01-21 01:01:34,071 - INFO - ✓ 成功: 最年長兄弟 クラウンリング (2020年)
2026-01-21 01:01:37,304 - INFO - [46/3706] horse_id: 2021103140 を処理中...
2026-01-21 01:01:38,106 - INFO - ✓ 成功: 最年長兄弟 ピンクベリーニ (2011年)
2026-01-21 01:01:44,799 - INFO - [47/3706] horse_id: 2020106587 を処理中...
2026-01-21 01:01:45,510 - INFO - ✓ 成功: 最年長兄弟 マッドシェリー (2018年)
2026-01-21 01:01:51,749 - INFO - [48/3706] horse_id: 2021105654 を処理中...
2026-01-21 01:01:52,079 - INFO - ✓ 成功: 兄弟なし
2026-01-21 01:01:56,558 - INFO - [49/3706] horse_id: 2022104942 を処理中...
2026-01-21 01:01:57,533 - INFO - ✓ 成功: 最年長兄弟 ドリームコア (2023年)
2026-01-21 01:02:04,862 - INFO - [50/3706] horse_id: 2021107255 を処理中...
2026-01-21 01:02:05,530 - INFO - ✓ 成功: 最年長兄弟 ゼットガガの2020 (2020年)
2026-01-21 01:02:05,530 - INFO -   進捗: 50/3706 | 成功: 50 | エラー: 0 | 予想残り時間: 359.6分
2026-01-21 01:02:11,700 - INFO - [51/3706] horse_id: 2021109027 を処理中...
2026-01-21 01:02:12,408 - INFO - ✓ 成功: 最年長兄弟 ロックマジェスティ (2022年)
2026-01-21 01:02:18,124 - INFO - [52/3706] horse_id: 2022103186 を処理中...
2026-01-21 01:02:18,519 - INFO - ✓ 成功: 最年長兄弟 メイショウルーク (2023年)
2026-01-21 01:02:21,628 - INFO - [53/3706] horse_id: 2022103515 を処理中...
2026-01-21 01:02:21,889 - INFO - ✓ 成功: 最年長兄弟 シグルーンの2023 (2023年)
2026-01-21 01:02:26,288 - INFO - [54/3706] horse_id: 2022106768 を処理中...
2026-01-21 01:02:27,121 - INFO - ✓ 成功: 最年長兄弟 トライアンフパス (2023年)
2026-01-21 01:02:34,430 - INFO - [55/3706] horse_id: 2021100187 を処理中...
2026-01-21 01:02:34,680 - INFO - ✓ 成功: 最年長兄弟 ニシノテンカラットの2022 (2022年)
2026-01-21 01:02:38,338 - INFO - [56/3706] horse_id: 2021100980 を処理中...
2026-01-21 01:02:39,021 - INFO - ✓ 成功: 最年長兄弟 オーケーイーグル (2022年)
2026-01-21 01:02:43,915 - INFO - [57/3706] horse_id: 2021106797 を処理中...
2026-01-21 01:02:44,252 - INFO - ✓ 成功: 最年長兄弟 コスモラムバック (2023年)
2026-01-21 01:02:50,394 - INFO - [58/3706] horse_id: 2022102338 を処理中...
2026-01-21 01:02:51,155 - INFO - ✓ 成功: 最年長兄弟 マヤノイマジン (2023年)
2026-01-21 01:02:54,684 - INFO - [59/3706] horse_id: 2022102567 を処理中...
2026-01-21 01:02:55,463 - INFO - ✓ 成功: 最年長兄弟 プレシャスフェザー (2023年)
2026-01-21 01:02:59,939 - INFO - [60/3706] horse_id: 2022104643 を処理中...
2026-01-21 01:03:01,305 - INFO - ✓ 成功: 最年長兄弟 ホワイトフレイムス (2023年)
2026-01-21 01:03:01,305 - INFO -   進捗: 60/3706 | 成功: 60 | エラー: 0 | 予想残り時間: 355.3分
2026-01-21 01:03:09,129 - INFO - [61/3706] horse_id: 2022106792 を処理中...
2026-01-21 01:03:09,843 - INFO - ✓ 成功: 最年長兄弟 フルフィルメント (2023年)
2026-01-21 01:03:15,800 - INFO - [62/3706] horse_id: 2022106817 を処理中...
2026-01-21 01:03:16,105 - INFO - ✓ 成功: 最年長兄弟 フェーダーローター (2023年)
2026-01-21 01:03:20,413 - INFO - [63/3706] horse_id: 2020104135 を処理中...
2026-01-21 01:03:20,716 - INFO - ✓ 成功: 最年長兄弟 マスターオブアジア (2021年)
2026-01-21 01:03:25,903 - INFO - [64/3706] horse_id: 2020106384 を処理中...
2026-01-21 01:03:26,184 - INFO - ✓ 成功: 最年長兄弟 エピファドール (2021年)
2026-01-21 01:03:32,176 - INFO - [65/3706] horse_id: 2021100557 を処理中...
2026-01-21 01:03:32,855 - INFO - ✓ 成功: 最年長兄弟 バスキュラリティ (2022年)
2026-01-21 01:03:38,016 - INFO - [66/3706] horse_id: 2022110038 を処理中...
2026-01-21 01:03:38,321 - INFO - ✓ 成功: 最年長兄弟 トゥウィンクルベリーの2024 (2024年)
2026-01-21 01:03:43,350 - INFO - [67/3706] horse_id: 2021101081 を処理中...
2026-01-21 01:03:44,111 - INFO - ✓ 成功: 最年長兄弟 マザックヤースの2018 (2018年)
2026-01-21 01:03:51,164 - INFO - [68/3706] horse_id: 2021101429 を処理中...
2026-01-21 01:03:51,432 - INFO - ✓ 成功: 最年長兄弟 フラワーパレード (2019年)
2026-01-21 01:03:59,015 - INFO - [69/3706] horse_id: 2021100005 を処理中...
2026-01-21 01:03:59,411 - INFO - ✓ 成功: 最年長兄弟 グランエクシト (2015年)
2026-01-21 01:04:04,465 - INFO - [70/3706] horse_id: 2021104276 を処理中...
2026-01-21 01:04:05,034 - INFO - ✓ 成功: 最年長兄弟 ユアマイドリーム (2022年)
2026-01-21 01:04:05,034 - INFO -   進捗: 70/3706 | 成功: 70 | エラー: 0 | 予想残り時間: 358.9分
2026-01-21 01:04:11,991 - INFO - [71/3706] horse_id: 2021110003 を処理中...
2026-01-21 01:04:12,224 - INFO - ✓ 成功: 最年長兄弟 ラブインザポイント (2022年)
2026-01-21 01:04:17,524 - INFO - [72/3706] horse_id: 2021110104 を処理中...
2026-01-21 01:04:18,355 - INFO - ✓ 成功: 最年長兄弟 イージーファクト (2018年)
2026-01-21 01:04:22,140 - INFO - [73/3706] horse_id: 2022106187 を処理中...
2026-01-21 01:04:22,310 - INFO - ✓ 成功: 最年長兄弟 キョウワヒラリーの2024 (2024年)
2026-01-21 01:04:25,960 - INFO - [74/3706] horse_id: 2021105387 を処理中...
2026-01-21 01:04:26,815 - INFO - ✓ 成功: 最年長兄弟 レイナデアルシーラ (2022年)
2026-01-21 01:04:30,286 - INFO - [75/3706] horse_id: 2021110023 を処理中...
2026-01-21 01:04:31,021 - INFO - ✓ 成功: 最年長兄弟 エクストラマイルの2024 (2024年)
2026-01-21 01:04:34,454 - INFO - [76/3706] horse_id: 2022100736 を処理中...
2026-01-21 01:04:34,804 - INFO - ✓ 成功: 最年長兄弟 ポッドワイルド (2021年)
2026-01-21 01:04:38,691 - INFO - [77/3706] horse_id: 2022106767 を処理中...
2026-01-21 01:04:39,472 - INFO - ✓ 成功: 最年長兄弟 アリストクラット (2023年)
2026-01-21 01:04:44,659 - INFO - [78/3706] horse_id: 2020102315 を処理中...
2026-01-21 01:04:45,622 - INFO - ✓ 成功: 最年長兄弟 ラブミーナンシー (2012年)
2026-01-21 01:04:53,087 - INFO - [79/3706] horse_id: 2020104960 を処理中...
2026-01-21 01:04:53,961 - INFO - ✓ 成功: 最年長兄弟 ポッドソング (2021年)
2026-01-21 01:04:57,987 - INFO - [80/3706] horse_id: 2021101793 を処理中...
2026-01-21 01:04:59,217 - INFO - ✓ 成功: 最年長兄弟 バジガクシェリール (2018年)
2026-01-21 01:04:59,217 - INFO -   進捗: 80/3706 | 成功: 80 | エラー: 0 | 予想残り時間: 354.1分
2026-01-21 01:05:06,051 - INFO - [81/3706] horse_id: 2020101655 を処理中...
2026-01-21 01:05:06,646 - INFO - ✓ 成功: 最年長兄弟 マオノサプライズ (2017年)
2026-01-21 01:05:14,436 - INFO - [82/3706] horse_id: 2020102135 を処理中...
2026-01-21 01:05:14,767 - INFO - ✓ 成功: 最年長兄弟 ショウゲキノノロシ (2017年)
2026-01-21 01:05:18,005 - INFO - [83/3706] horse_id: 2020105525 を処理中...
2026-01-21 01:05:18,391 - INFO - ✓ 成功: 最年長兄弟 エースアウト (2018年)
2026-01-21 01:05:24,683 - INFO - [84/3706] horse_id: 2020101652 を処理中...
2026-01-21 01:05:25,639 - INFO - ✓ 成功: 最年長兄弟 アプレロンデ (2019年)
2026-01-21 01:05:32,974 - INFO - [85/3706] horse_id: 2022105885 を処理中...
2026-01-21 01:05:33,795 - INFO - ✓ 成功: 最年長兄弟 ウシワカマル (2023年)
2026-01-21 01:05:39,170 - INFO - [86/3706] horse_id: 2019102665 を処理中...
2026-01-21 01:05:40,317 - INFO - ✓ 成功: 最年長兄弟 サンストックトン (2013年)
2026-01-21 01:05:45,157 - INFO - [87/3706] horse_id: 2020100084 を処理中...
2026-01-21 01:05:45,875 - INFO - ✓ 成功: 最年長兄弟 タカマキファイブ (2022年)
2026-01-21 01:05:49,222 - INFO - [88/3706] horse_id: 2022106926 を処理中...
2026-01-21 01:05:49,968 - INFO - ✓ 成功: 最年長兄弟 テンカラットレター (2023年)
2026-01-21 01:05:57,098 - INFO - [89/3706] horse_id: 2020110123 を処理中...
2026-01-21 01:05:57,358 - INFO - ✓ 成功: 兄弟なし
2026-01-21 01:06:04,528 - INFO - [90/3706] horse_id: 2021105859 を処理中...
2026-01-21 01:06:05,295 - INFO - ✓ 成功: 最年長兄弟 オリオアルセーリオ (2022年)
2026-01-21 01:06:05,295 - INFO -   進捗: 90/3706 | 成功: 90 | エラー: 0 | 予想残り時間: 358.1分
2026-01-21 01:06:08,500 - INFO - [91/3706] horse_id: 2021105974 を処理中...
2026-01-21 01:06:08,780 - INFO - ✓ 成功: 最年長兄弟 ロートホルン (2022年)
2026-01-21 01:06:13,245 - INFO - [92/3706] horse_id: 2022104839 を処理中...
2026-01-21 01:06:13,680 - INFO - ✓ 成功: 最年長兄弟 ジョイカネラの2023 (2023年)
2026-01-21 01:06:19,042 - INFO - [93/3706] horse_id: 2022105556 を処理中...
2026-01-21 01:06:19,464 - INFO - ✓ 成功: 最年長兄弟 リトルモンスターの2023 (2023年)
2026-01-21 01:06:25,938 - INFO - [94/3706] horse_id: 2021101554 を処理中...
2026-01-21 01:06:26,205 - INFO - ✓ 成功: 最年長兄弟 エイシンピストン (2018年)
2026-01-21 01:06:30,294 - INFO - [95/3706] horse_id: 2021103868 を処理中...
2026-01-21 01:06:30,695 - INFO - ✓ 成功: 最年長兄弟 パワーストーン (2022年)
2026-01-21 01:06:36,947 - INFO - [96/3706] horse_id: 2021110063 を処理中...
2026-01-21 01:06:38,087 - INFO - ✓ 成功: 兄弟なし
2026-01-21 01:06:43,973 - INFO - [97/3706] horse_id: 2022101043 を処理中...
2026-01-21 01:06:44,366 - INFO - ✓ 成功: 最年長兄弟 ベルク (2018年)
2026-01-21 01:06:48,763 - INFO - [98/3706] horse_id: 2022103714 を処理中...
2026-01-21 01:06:49,228 - INFO - ✓ 成功: 最年長兄弟 ミルトハーバー (2023年)
2026-01-21 01:06:55,223 - INFO - [99/3706] horse_id: 2022106647 を処理中...
2026-01-21 01:06:55,940 - INFO - ✓ 成功: 最年長兄弟 トップソリストの2024 (2024年)
2026-01-21 01:07:02,286 - INFO - [100/3706] horse_id: 2022107342 を処理中...
2026-01-21 01:07:03,072 - INFO - ✓ 成功: 最年長兄弟 ホヌタン (2023年)
2026-01-21 01:07:03,072 - INFO -   進捗: 100/3706 | 成功: 100 | エラー: 0 | 予想残り時間: 356.1分
2026-01-21 01:07:10,011 - INFO - [101/3706] horse_id: 2021103716 を処理中...
2026-01-21 01:07:10,450 - INFO - ✓ 成功: 最年長兄弟 ディセプティコン (2022年)
2026-01-21 01:07:14,799 - INFO - [102/3706] horse_id: 2021100475 を処理中...
2026-01-21 01:07:15,726 - INFO - ✓ 成功: 最年長兄弟 マミーブルー (2022年)
2026-01-21 01:07:19,526 - INFO - [103/3706] horse_id: 2021102774 を処理中...
2026-01-21 01:07:20,024 - INFO - ✓ 成功: 最年長兄弟 ノンリミタシオン (2020年)
2026-01-21 01:07:25,740 - INFO - [104/3706] horse_id: 2022106874 を処理中...
2026-01-21 01:07:26,498 - INFO - ✓ 成功: 最年長兄弟 ナムラモヨの2023 (2023年)
2026-01-21 01:07:29,628 - INFO - [105/3706] horse_id: 2021110022 を処理中...
2026-01-21 01:07:30,636 - INFO - ✓ 成功: 兄弟なし
2026-01-21 01:07:36,204 - INFO - [106/3706] horse_id: 2022102954 を処理中...
2026-01-21 01:07:36,967 - INFO - ✓ 成功: 最年長兄弟 アズデザイヤ (2021年)
2026-01-21 01:07:43,223 - INFO - [107/3706] horse_id: 2020100363 を処理中...
2026-01-21 01:07:44,126 - INFO - ✓ 成功: 最年長兄弟 ルミリオン (2021年)
2026-01-21 01:07:49,890 - INFO - [108/3706] horse_id: 2022100320 を処理中...
2026-01-21 01:07:50,203 - INFO - ✓ 成功: 最年長兄弟 カレーパン (2020年)
2026-01-21 01:07:58,169 - INFO - [109/3706] horse_id: 2022105849 を処理中...
2026-01-21 01:07:58,546 - INFO - ✓ 成功: 最年長兄弟 マスターソアラ (2023年)
2026-01-21 01:08:01,919 - INFO - [110/3706] horse_id: 2022100574 を処理中...
2026-01-21 01:08:02,655 - INFO - ✓ 成功: 最年長兄弟 バウンティキャット (2021年)
2026-01-21 01:08:02,655 - INFO -   進捗: 110/3706 | 成功: 110 | エラー: 0 | 予想残り時間: 355.3分
2026-01-21 01:08:06,116 - INFO - [111/3706] horse_id: 2022101517 を処理中...
2026-01-21 01:08:06,272 - INFO - ✓ 成功: 最年長兄弟 ハリアー (2014年)
2026-01-21 01:08:09,652 - INFO - [112/3706] horse_id: 2020103885 を処理中...
2026-01-21 01:08:10,301 - INFO - ✓ 成功: 最年長兄弟 ブライトライツ (2022年)
2026-01-21 01:08:13,465 - INFO - [113/3706] horse_id: 2021102797 を処理中...
2026-01-21 01:08:13,766 - INFO - ✓ 成功: 最年長兄弟 ツバメノコヤスガイ (2022年)
2026-01-21 01:08:19,160 - INFO - [114/3706] horse_id: 2021106353 を処理中...
2026-01-21 01:08:20,195 - INFO - ✓ 成功: 最年長兄弟 アポロプリンセスの2022 (2022年)
2026-01-21 01:08:27,964 - INFO - [115/3706] horse_id: 2021109096 を処理中...
2026-01-21 01:08:28,646 - INFO - ✓ 成功: 最年長兄弟 メイアリス (2014年)
2026-01-21 01:08:32,714 - INFO - [116/3706] horse_id: 2020101184 を処理中...
2026-01-21 01:08:33,582 - INFO - ✓ 成功: 最年長兄弟 ストームラビン (1994年)
2026-01-21 01:08:40,058 - INFO - [117/3706] horse_id: 2020101434 を処理中...
2026-01-21 01:08:40,793 - INFO - ✓ 成功: 最年長兄弟 レデツカ (2021年)
2026-01-21 01:08:45,398 - INFO - [118/3706] horse_id: 2021104145 を処理中...
2026-01-21 01:08:45,742 - INFO - ✓ 成功: 最年長兄弟 オンザブルースカイ (2022年)
2026-01-21 01:08:50,722 - INFO - [119/3706] horse_id: 2021109069 を処理中...
2026-01-21 01:08:50,997 - INFO - ✓ 成功: 最年長兄弟 スーパーマルキヤ (2019年)
2026-01-21 01:08:56,573 - INFO - [120/3706] horse_id: 2021106551 を処理中...
2026-01-21 01:08:56,960 - INFO - ✓ 成功: 最年長兄弟 ダイシンレアレア (2022年)
2026-01-21 01:08:56,960 - INFO -   進捗: 120/3706 | 成功: 120 | エラー: 0 | 予想残り時間: 351.9分
2026-01-21 01:09:02,546 - INFO - [121/3706] horse_id: 2020102625 を処理中...
2026-01-21 01:09:03,451 - INFO - ✓ 成功: 最年長兄弟 ゴンバデカーブース (2021年)
2026-01-21 01:09:08,398 - INFO - [122/3706] horse_id: 2021110156 を処理中...
2026-01-21 01:09:08,644 - INFO - ✓ 成功: 兄弟なし
2026-01-21 01:09:13,536 - INFO - [123/3706] horse_id: 2022104988 を処理中...
2026-01-21 01:09:13,780 - INFO - ✓ 成功: 最年長兄弟 オカノティアラ (2023年)
2026-01-21 01:09:20,832 - INFO - [124/3706] horse_id: 2022110104 を処理中...
2026-01-21 01:09:21,633 - INFO - ✓ 成功: 兄弟なし
2026-01-21 01:09:26,724 - INFO - [125/3706] horse_id: 2022110137 を処理中...
2026-01-21 01:09:27,348 - INFO - ✓ 成功: 兄弟なし
2026-01-21 01:09:33,055 - INFO - [126/3706] horse_id: 2022110138 を処理中...
2026-01-21 01:09:33,745 - INFO - ✓ 成功: 兄弟なし
2026-01-21 01:09:37,592 - INFO - [127/3706] horse_id: 2020100555 を処理中...
2026-01-21 01:09:38,236 - INFO - ✓ 成功: 最年長兄弟 リトルアテーナ (2019年)
2026-01-21 01:09:44,290 - INFO - [128/3706] horse_id: 2021104052 を処理中...
2026-01-21 01:09:45,176 - INFO - ✓ 成功: 最年長兄弟 サクラファイヤー (2006年)
2026-01-21 01:09:51,794 - INFO - [129/3706] horse_id: 2022104559 を処理中...
2026-01-21 01:09:52,563 - INFO - ✓ 成功: 最年長兄弟 チョットオトシモノ (2021年)
2026-01-21 01:09:57,818 - INFO - [130/3706] horse_id: 2019100630 を処理中...
2026-01-21 01:09:58,696 - INFO - ✓ 成功: 最年長兄弟 アウトレンジ (2020年)
2026-01-21 01:09:58,696 - INFO -   進捗: 130/3706 | 成功: 130 | エラー: 0 | 予想残り時間: 352.2分
2026-01-21 01:10:01,941 - INFO - [131/3706] horse_id: 2021105112 を処理中...
2026-01-21 01:10:02,242 - INFO - ✓ 成功: 最年長兄弟 セゾンデフィーユ (2022年)
2026-01-21 01:10:07,017 - INFO - [132/3706] horse_id: 2022110010 を処理中...
2026-01-21 01:10:07,303 - INFO - ✓ 成功: 兄弟なし
2026-01-21 01:10:11,100 - INFO - [133/3706] horse_id: 2020102896 を処理中...
2026-01-21 01:10:11,497 - INFO - ✓ 成功: 最年長兄弟 アトリウムチャペル (2021年)
2026-01-21 01:10:14,844 - INFO - [134/3706] horse_id: 2020110034 を処理中...
2026-01-21 01:10:15,595 - INFO - ✓ 成功: 最年長兄弟 ウェットシーズン (2021年)
2026-01-21 01:10:23,326 - INFO - [135/3706] horse_id: 2022102315 を処理中...
2026-01-21 01:10:23,599 - INFO - ✓ 成功: 最年長兄弟 ミエスタ (2023年)
2026-01-21 01:10:29,749 - INFO - [136/3706] horse_id: 2022102434 を処理中...
2026-01-21 01:10:30,044 - INFO - ✓ 成功: 最年長兄弟 レッドアネラの2024 (2024年)
2026-01-21 01:10:35,061 - INFO - [137/3706] horse_id: 2022105242 を処理中...
2026-01-21 01:10:35,367 - INFO - ✓ 成功: 最年長兄弟 デルマソトコマタ (2020年)
2026-01-21 01:10:40,595 - INFO - [138/3706] horse_id: 2022105601 を処理中...
2026-01-21 01:10:41,001 - INFO - ✓ 成功: 最年長兄弟 ホーリーウーマンの2023 (2023年)
2026-01-21 01:10:47,533 - INFO - [139/3706] horse_id: 2021104810 を処理中...
2026-01-21 01:10:47,841 - INFO - ✓ 成功: 最年長兄弟 リッター (2022年)
2026-01-21 01:10:52,627 - INFO - [140/3706] horse_id: 2021105583 を処理中...
2026-01-21 01:10:53,362 - INFO - ✓ 成功: 最年長兄弟 ジェイストリーク (2023年)
2026-01-21 01:10:53,362 - INFO -   進捗: 140/3706 | 成功: 140 | エラー: 0 | 予想残り時間: 349.3分
2026-01-21 01:10:56,489 - INFO - [141/3706] horse_id: 2022100623 を処理中...
2026-01-21 01:10:57,266 - INFO - ✓ 成功: 最年長兄弟 オリーズキャンディの2024 (2024年)
2026-01-21 01:11:00,865 - INFO - [142/3706] horse_id: 2022106925 を処理中...
2026-01-21 01:11:01,059 - INFO - ✓ 成功: 最年長兄弟 フウセン (2023年)
2026-01-21 01:11:04,339 - INFO - [143/3706] horse_id: 2019101233 を処理中...
2026-01-21 01:11:05,184 - INFO - ✓ 成功: 最年長兄弟 エアリーチューンの2020 (2020年)
2026-01-21 01:11:12,354 - INFO - [144/3706] horse_id: 2019102950 を処理中...
2026-01-21 01:11:12,557 - INFO - ✓ 成功: 最年長兄弟 アイファーグレー (2017年)
2026-01-21 01:11:16,135 - INFO - [145/3706] horse_id: 2020102269 を処理中...
2026-01-21 01:11:16,408 - INFO - ✓ 成功: 最年長兄弟 グディンナ (2021年)
2026-01-21 01:11:21,278 - INFO - [146/3706] horse_id: 2021100792 を処理中...
2026-01-21 01:11:21,630 - INFO - ✓ 成功: 最年長兄弟 パンプルミュゼ (2022年)
2026-01-21 01:11:25,454 - INFO - [147/3706] horse_id: 2021105138 を処理中...
2026-01-21 01:11:26,136 - INFO - ✓ 成功: 最年長兄弟 エコログローリー (2022年)
2026-01-21 01:11:30,517 - INFO - [148/3706] horse_id: 2022100528 を処理中...
2026-01-21 01:11:30,945 - INFO - ✓ 成功: 最年長兄弟 ノーブルジャッカル (2023年)
2026-01-21 01:11:37,066 - INFO - [149/3706] horse_id: 2022101469 を処理中...
2026-01-21 01:11:38,286 - INFO - ✓ 成功: 最年長兄弟 マーゴットロンド (2020年)
2026-01-21 01:11:44,899 - INFO - [150/3706] horse_id: 2022104699 を処理中...
2026-01-21 01:11:45,180 - INFO - ✓ 成功: 最年長兄弟 エレガントクルーズの2024 (2024年)
2026-01-21 01:11:45,180 - INFO -   進捗: 150/3706 | 成功: 150 | エラー: 0 | 予想残り時間: 345.6分
2026-01-21 01:11:48,866 - INFO - [151/3706] horse_id: 2022106999 を処理中...
2026-01-21 01:11:49,918 - INFO - ✓ 成功: 最年長兄弟 ニシノガランテ (2023年)
2026-01-21 01:11:57,596 - INFO - [152/3706] horse_id: 2020106370 を処理中...
2026-01-21 01:11:58,102 - INFO - ✓ 成功: 最年長兄弟 サンマルウォーリア (2021年)
2026-01-21 01:12:04,244 - INFO - [153/3706] horse_id: 2020107081 を処理中...
2026-01-21 01:12:04,847 - INFO - ✓ 成功: 最年長兄弟 レッドゲート (2021年)
2026-01-21 01:12:12,756 - INFO - [154/3706] horse_id: 2021103316 を処理中...
2026-01-21 01:12:13,023 - INFO - ✓ 成功: 最年長兄弟 トップリボン (2022年)
2026-01-21 01:12:18,476 - INFO - [155/3706] horse_id: 2022100962 を処理中...
2026-01-21 01:12:19,501 - INFO - ✓ 成功: 最年長兄弟 ウイッチボニータ (2023年)
2026-01-21 01:12:25,441 - INFO - [156/3706] horse_id: 2022103229 を処理中...
2026-01-21 01:12:25,778 - INFO - ✓ 成功: 最年長兄弟 トレースイスラの2023 (2023年)
2026-01-21 01:12:31,572 - INFO - [157/3706] horse_id: 2022103251 を処理中...
2026-01-21 01:12:32,413 - INFO - ✓ 成功: 最年長兄弟 メイショウカスミ (2023年)
2026-01-21 01:12:36,199 - INFO - [158/3706] horse_id: 2022103181 を処理中...
2026-01-21 01:12:37,216 - INFO - ✓ 成功: 最年長兄弟 ソウルフレイバー (2020年)
2026-01-21 01:12:40,239 - INFO - [159/3706] horse_id: 2020102793 を処理中...
2026-01-21 01:12:40,590 - INFO - ✓ 成功: 最年長兄弟 エバーキュートの2021 (2021年)
2026-01-21 01:12:43,714 - INFO - [160/3706] horse_id: 2020103921 を処理中...
2026-01-21 01:12:44,390 - INFO - ✓ 成功: 最年長兄弟 リアルセンター (2021年)
2026-01-21 01:12:44,390 - INFO -   進捗: 160/3706 | 成功: 160 | エラー: 0 | 予想残り時間: 345.0分
2026-01-21 01:12:49,098 - INFO - [161/3706] horse_id: 2022110068 を処理中...
2026-01-21 01:12:49,365 - INFO - ✓ 成功: 兄弟なし
2026-01-21 01:12:57,012 - INFO - [162/3706] horse_id: 2020101268 を処理中...
2026-01-21 01:12:57,233 - INFO - ✓ 成功: 最年長兄弟 サザンスノー (2021年)
2026-01-21 01:13:03,816 - INFO - [163/3706] horse_id: 2020107017 を処理中...
2026-01-21 01:13:04,047 - INFO - ✓ 成功: 最年長兄弟 メジャーニシキ (2016年)
2026-01-21 01:13:08,656 - INFO - [164/3706] horse_id: 2020103532 を処理中...
2026-01-21 01:13:09,471 - INFO - ✓ 成功: 最年長兄弟 スパルティート (2021年)
2026-01-21 01:13:16,211 - INFO - [165/3706] horse_id: 2021103732 を処理中...
2026-01-21 01:13:17,157 - INFO - ✓ 成功: 最年長兄弟 ミヤマイルス (2022年)
2026-01-21 01:13:23,863 - INFO - [166/3706] horse_id: 2021110062 を処理中...
2026-01-21 01:13:24,217 - INFO - ✓ 成功: 兄弟なし
2026-01-21 01:13:30,963 - INFO - [167/3706] horse_id: 2022104594 を処理中...
2026-01-21 01:13:31,788 - INFO - ✓ 成功: 最年長兄弟 ベアサナエチャン (2023年)
2026-01-21 01:13:37,775 - INFO - [168/3706] horse_id: 2020110090 を処理中...
2026-01-21 01:13:38,547 - INFO - ✓ 成功: 最年長兄弟 キュクヌス (2021年)
2026-01-21 01:13:42,622 - INFO - [169/3706] horse_id: 2021110136 を処理中...
2026-01-21 01:13:43,048 - INFO - ✓ 成功: 兄弟なし
2026-01-21 01:13:47,457 - INFO - [170/3706] horse_id: 2022105868 を処理中...
2026-01-21 01:13:48,485 - INFO - ✓ 成功: 最年長兄弟 ロックディスタウンの2020 (2020年)
2026-01-21 01:13:48,485 - INFO -   進捗: 170/3706 | 成功: 170 | エラー: 0 | 予想残り時間: 346.0分
2026-01-21 01:13:52,558 - INFO - [171/3706] horse_id: 2022110001 を処理中...
2026-01-21 01:13:52,803 - INFO - ✓ 成功: 最年長兄弟 エジプシャンマウ (2023年)
2026-01-21 01:14:00,055 - INFO - [172/3706] horse_id: 2021104876 を処理中...
2026-01-21 01:14:00,718 - INFO - ✓ 成功: 最年長兄弟 ハッピースパイラル (2019年)
2026-01-21 01:14:08,503 - INFO - [173/3706] horse_id: 2021105283 を処理中...
2026-01-21 01:14:08,755 - INFO - ✓ 成功: 最年長兄弟 リュクスパトロール (2023年)
2026-01-21 01:14:15,243 - INFO - [174/3706] horse_id: 2022106465 を処理中...
2026-01-21 01:14:15,457 - INFO - ✓ 成功: 最年長兄弟 トドイワハリアー (2021年)
2026-01-21 01:14:22,531 - INFO - [175/3706] horse_id: 2020101582 を処理中...
2026-01-21 01:14:23,288 - INFO - ✓ 成功: 最年長兄弟 ホシキララ (2021年)
2026-01-21 01:14:28,779 - INFO - [176/3706] horse_id: 2020110075 を処理中...
2026-01-21 01:14:29,111 - INFO - ✓ 成功: 最年長兄弟 ロードクロサイト (2010年)
2026-01-21 01:14:33,425 - INFO - [177/3706] horse_id: 2021103242 を処理中...
2026-01-21 01:14:34,046 - INFO - ✓ 成功: 最年長兄弟 エオアリイ (2022年)
2026-01-21 01:14:40,983 - INFO - [178/3706] horse_id: 2021103717 を処理中...
2026-01-21 01:14:41,282 - INFO - ✓ 成功: 最年長兄弟 ロミヒ (2022年)
2026-01-21 01:14:46,162 - INFO - [179/3706] horse_id: 2021104780 を処理中...
2026-01-21 01:14:47,069 - INFO - ✓ 成功: 兄弟なし
2026-01-21 01:14:53,094 - INFO - [180/3706] horse_id: 2021105895 を処理中...
2026-01-21 01:14:53,959 - INFO - ✓ 成功: 最年長兄弟 グリプトグラフィ (2022年)
2026-01-21 01:14:53,959 - INFO -   進捗: 180/3706 | 成功: 180 | エラー: 0 | 予想残り時間: 347.2分
2026-01-21 01:14:59,702 - INFO - [181/3706] horse_id: 2021110048 を処理中...
2026-01-21 01:15:00,499 - INFO - ✓ 成功: 兄弟なし
2026-01-21 01:15:04,565 - INFO - [182/3706] horse_id: 2022103754 を処理中...
2026-01-21 01:15:05,488 - INFO - ✓ 成功: 最年長兄弟 ラコンチャビエン (2023年)
2026-01-21 01:15:11,965 - INFO - [183/3706] horse_id: 2022106243 を処理中...
2026-01-21 01:15:12,455 - INFO - ✓ 成功: 最年長兄弟 ゴーゴーサンデーの2011 (2011年)
2026-01-21 01:15:20,331 - INFO - [184/3706] horse_id: 2020104336 を処理中...
2026-01-21 01:15:21,453 - INFO - ✓ 成功: 最年長兄弟 スマイルキングオー (2019年)
2026-01-21 01:15:25,700 - INFO - [185/3706] horse_id: 2021101164 を処理中...
2026-01-21 01:15:26,157 - INFO - ✓ 成功: 最年長兄弟 アディクテッドラン (2022年)
2026-01-21 01:15:32,525 - INFO - [186/3706] horse_id: 2021102900 を処理中...
2026-01-21 01:15:33,214 - INFO - ✓ 成功: 最年長兄弟 バントック (2022年)
2026-01-21 01:15:40,281 - INFO - [187/3706] horse_id: 2021102389 を処理中...
2026-01-21 01:15:40,626 - INFO - ✓ 成功: 最年長兄弟 ファンタイムギフト (2022年)
2026-01-21 01:15:48,113 - INFO - [188/3706] horse_id: 2021107123 を処理中...
2026-01-21 01:15:48,422 - INFO - ✓ 成功: 最年長兄弟 イイデテッシン (2022年)
2026-01-21 01:15:51,958 - INFO - [189/3706] horse_id: 2021109016 を処理中...
2026-01-21 01:15:52,849 - INFO - ✓ 成功: 最年長兄弟 ハピネスヒット (2023年)
2026-01-21 01:15:58,748 - INFO - [190/3706] horse_id: 2022106751 を処理中...
2026-01-21 01:15:59,034 - INFO - ✓ 成功: 最年長兄弟 チアファンファーレ (2023年)
2026-01-21 01:15:59,034 - INFO -   進捗: 190/3706 | 成功: 190 | エラー: 0 | 予想残り時間: 348.1分
2026-01-21 01:16:03,261 - INFO - [191/3706] horse_id: 2022106122 を処理中...
2026-01-21 01:16:03,588 - INFO - ✓ 成功: 最年長兄弟 ゴールドメアリ (2019年)
2026-01-21 01:16:08,702 - INFO - [192/3706] horse_id: 2021104283 を処理中...
2026-01-21 01:16:09,476 - INFO - ✓ 成功: 最年長兄弟 ガンモヘラクレス (2020年)
2026-01-21 01:16:14,794 - INFO - [193/3706] horse_id: 2021107259 を処理中...
2026-01-21 01:16:15,160 - INFO - ✓ 成功: 最年長兄弟 アンティーム (2023年)
2026-01-21 01:16:22,393 - INFO - [194/3706] horse_id: 2020102013 を処理中...
2026-01-21 01:16:23,109 - INFO - ✓ 成功: 最年長兄弟 キンシロウ (2016年)
2026-01-21 01:16:29,316 - INFO - [195/3706] horse_id: 2020103280 を処理中...
2026-01-21 01:16:29,749 - INFO - ✓ 成功: 最年長兄弟 エマロア (2021年)
2026-01-21 01:16:37,745 - INFO - [196/3706] horse_id: 2021102914 を処理中...
2026-01-21 01:16:38,516 - INFO - ✓ 成功: 最年長兄弟 モズプリヴェール (2022年)
2026-01-21 01:16:42,747 - INFO - [197/3706] horse_id: 2021104101 を処理中...
2026-01-21 01:16:42,966 - INFO - ✓ 成功: 最年長兄弟 タイセイドゥマーニ (2023年)
2026-01-21 01:16:50,967 - INFO - [198/3706] horse_id: 2021105687 を処理中...
2026-01-21 01:16:51,375 - INFO - ✓ 成功: 最年長兄弟 フラワームーン (2022年)
2026-01-21 01:16:57,622 - INFO - [199/3706] horse_id: 2020103474 を処理中...
2026-01-21 01:16:58,041 - INFO - ✓ 成功: 最年長兄弟 ユキカゼ (2021年)
2026-01-21 01:17:04,136 - INFO - [200/3706] horse_id: 2021106510 を処理中...
2026-01-21 01:17:04,274 - INFO - ✓ 成功: 最年長兄弟 スターバースト (2018年)
2026-01-21 01:17:04,274 - INFO -   進捗: 200/3706 | 成功: 200 | エラー: 0 | 予想残り時間: 348.8分
2026-01-21 01:17:10,481 - INFO - [201/3706] horse_id: 2021110135 を処理中...
2026-01-21 01:17:11,218 - INFO - ✓ 成功: 兄弟なし
2026-01-21 01:17:18,102 - INFO - [202/3706] horse_id: 2022106354 を処理中...
2026-01-21 01:17:18,311 - INFO - ✓ 成功: 最年長兄弟 リリーサンダー (2023年)
2026-01-21 01:17:24,162 - INFO - [203/3706] horse_id: 2022106617 を処理中...
2026-01-21 01:17:24,541 - INFO - ✓ 成功: 最年長兄弟 コードゼット (2007年)
2026-01-21 01:17:31,886 - INFO - [204/3706] horse_id: 2022110117 を処理中...
2026-01-21 01:17:32,318 - INFO - ✓ 成功: 兄弟なし
2026-01-21 01:17:39,626 - INFO - [205/3706] horse_id: 2022110118 を処理中...
2026-01-21 01:17:40,291 - INFO - ✓ 成功: 兄弟なし
2026-01-21 01:17:46,844 - INFO - [206/3706] horse_id: 2021104777 を処理中...
2026-01-21 01:17:47,454 - INFO - ✓ 成功: 最年長兄弟 ジンカイト (2023年)
2026-01-21 01:17:53,678 - INFO - [207/3706] horse_id: 2021104894 を処理中...
2026-01-21 01:17:54,032 - INFO - ✓ 成功: 最年長兄弟 マリンノート (2020年)
2026-01-21 01:18:01,260 - INFO - [208/3706] horse_id: 2022105787 を処理中...
2026-01-21 01:18:01,595 - INFO - ✓ 成功: 最年長兄弟 ラヴィニアパーク (2023年)
2026-01-21 01:18:05,841 - INFO - [209/3706] horse_id: 2022105813 を処理中...
2026-01-21 01:18:06,518 - INFO - ✓ 成功: 最年長兄弟 タイムハンドラーの2021 (2021年)
2026-01-21 01:18:14,113 - INFO - [210/3706] horse_id: 2022106324 を処理中...
2026-01-21 01:18:14,398 - INFO - ✓ 成功: 最年長兄弟 ヴェガリア (2023年)
2026-01-21 01:18:14,399 - INFO -   進捗: 210/3706 | 成功: 210 | エラー: 0 | 予想残り時間: 350.7分
2026-01-21 01:18:17,765 - INFO - [211/3706] horse_id: 2022110140 を処理中...
2026-01-21 01:18:18,060 - INFO - ✓ 成功: 兄弟なし
2026-01-21 01:18:24,611 - INFO - [212/3706] horse_id: 2020101503 を処理中...
2026-01-21 01:18:24,821 - INFO - ✓ 成功: 最年長兄弟 メイゲツ (2021年)
2026-01-21 01:18:28,126 - INFO - [213/3706] horse_id: 2021100653 を処理中...
2026-01-21 01:18:28,384 - INFO - ✓ 成功: 最年長兄弟 メリートーンの2023 (2023年)
2026-01-21 01:18:33,477 - INFO - [214/3706] horse_id: 2021102436 を処理中...
2026-01-21 01:18:33,763 - INFO - ✓ 成功: 最年長兄弟 ルージュミラージュ (2022年)
2026-01-21 01:18:38,034 - INFO - [215/3706] horse_id: 2021102641 を処理中...
2026-01-21 01:18:38,266 - INFO - ✓ 成功: 最年長兄弟 ミジョカスマイル (2022年)
2026-01-21 01:18:44,492 - INFO - [216/3706] horse_id: 2021104646 を処理中...
2026-01-21 01:18:44,784 - INFO - ✓ 成功: 最年長兄弟 メイクアストーリー (2020年)
2026-01-21 01:18:52,488 - INFO - [217/3706] horse_id: 2022106470 を処理中...
2026-01-21 01:18:53,164 - INFO - ✓ 成功: 最年長兄弟 グラスミーティア (2023年)
2026-01-21 01:19:00,313 - INFO - [218/3706] horse_id: 2020105749 を処理中...
2026-01-21 01:19:01,097 - INFO - ✓ 成功: 最年長兄弟 ムーンナイトローズ (2022年)
2026-01-21 01:19:08,585 - INFO - [219/3706] horse_id: 2021101864 を処理中...
2026-01-21 01:19:09,043 - INFO - ✓ 成功: 最年長兄弟 ドントゥザムーン (2022年)
2026-01-21 01:19:16,084 - INFO - [220/3706] horse_id: 2021103502 を処理中...
2026-01-21 01:19:16,307 - INFO - ✓ 成功: 最年長兄弟 ジェットブレード (2022年)
2026-01-21 01:19:16,308 - INFO -   進捗: 220/3706 | 成功: 220 | エラー: 0 | 予想残り時間: 350.1分
2026-01-21 01:19:19,517 - INFO - [221/3706] horse_id: 2021103537 を処理中...
2026-01-21 01:19:19,943 - INFO - ✓ 成功: 最年長兄弟 ラヴァグロウ (2020年)
2026-01-21 01:19:27,737 - INFO - [222/3706] horse_id: 2022103155 を処理中...
2026-01-21 01:19:28,451 - INFO - ✓ 成功: 最年長兄弟 ドラムメジャー (2023年)
2026-01-21 01:19:35,414 - INFO - [223/3706] horse_id: 2020105746 を処理中...
2026-01-21 01:19:36,200 - INFO - ✓ 成功: 最年長兄弟 コスモピエドラ (2018年)
2026-01-21 01:19:42,536 - INFO - [224/3706] horse_id: 2020107001 を処理中...
2026-01-21 01:19:42,659 - INFO - ✓ 成功: 最年長兄弟 キョウエイノヴェル (2021年)
2026-01-21 01:19:48,980 - INFO - [225/3706] horse_id: 2021104490 を処理中...
2026-01-21 01:19:49,851 - INFO - ✓ 成功: 最年長兄弟 エリーティアラの2022 (2022年)
2026-01-21 01:19:56,179 - INFO - [226/3706] horse_id: 2021106070 を処理中...
2026-01-21 01:19:56,419 - INFO - ✓ 成功: 最年長兄弟 ハンクスター (2022年)
2026-01-21 01:19:59,499 - INFO - [227/3706] horse_id: 2021102701 を処理中...
2026-01-21 01:20:00,233 - INFO - ✓ 成功: 最年長兄弟 ジェムディーラーの2024 (2024年)
2026-01-21 01:20:04,089 - INFO - [228/3706] horse_id: 2022103425 を処理中...
2026-01-21 01:20:05,002 - INFO - ✓ 成功: 最年長兄弟 ペレク (2021年)
2026-01-21 01:20:08,902 - INFO - [229/3706] horse_id: 2020100629 を処理中...
2026-01-21 01:20:09,602 - INFO - ✓ 成功: 最年長兄弟 シリウスコルト (2021年)
2026-01-21 01:20:17,434 - INFO - [230/3706] horse_id: 2020102910 を処理中...
2026-01-21 01:20:17,698 - INFO - ✓ 成功: 最年長兄弟 ウィルシャイン (2022年)
2026-01-21 01:20:17,699 - INFO -   進捗: 230/3706 | 成功: 230 | エラー: 0 | 予想残り時間: 349.4分
2026-01-21 01:20:23,110 - INFO - [231/3706] horse_id: 2021103092 を処理中...
2026-01-21 01:20:23,836 - INFO - ✓ 成功: 最年長兄弟 ナムラモモ (2022年)
2026-01-21 01:20:28,956 - INFO - [232/3706] horse_id: 2021106854 を処理中...
2026-01-21 01:20:29,776 - INFO - ✓ 成功: 最年長兄弟 ラインアルテミス (2022年)
2026-01-21 01:20:34,226 - INFO - [233/3706] horse_id: 2022100371 を処理中...
2026-01-21 01:20:34,702 - INFO - ✓ 成功: 最年長兄弟 アウルムゼウス (2021年)
2026-01-21 01:20:40,734 - INFO - [234/3706] horse_id: 2020102637 を処理中...
2026-01-21 01:20:41,017 - INFO - ✓ 成功: 最年長兄弟 ポンポーソ (2021年)
2026-01-21 01:20:45,455 - INFO - [235/3706] horse_id: 2021105255 を処理中...
2026-01-21 01:20:46,278 - INFO - ✓ 成功: 最年長兄弟 エルモサメロディア (2022年)
2026-01-21 01:20:54,278 - INFO - [236/3706] horse_id: 2021105276 を処理中...
2026-01-21 01:20:55,105 - INFO - ✓ 成功: 最年長兄弟 パーリーラスター (2022年)
2026-01-21 01:21:01,082 - INFO - [237/3706] horse_id: 2020106549 を処理中...
2026-01-21 01:21:01,534 - INFO - ✓ 成功: 最年長兄弟 ザルティス (2017年)
2026-01-21 01:21:05,323 - INFO - [238/3706] horse_id: 2021105451 を処理中...
2026-01-21 01:21:06,485 - INFO - ✓ 成功: 最年長兄弟 オウケンビリーヴの2022 (2022年)
2026-01-21 01:21:13,756 - INFO - [239/3706] horse_id: 2022104135 を処理中...
2026-01-21 01:21:14,527 - INFO - ✓ 成功: 最年長兄弟 テンレディーゴー (2023年)
2026-01-21 01:21:20,425 - INFO - [240/3706] horse_id: 2020105250 を処理中...
2026-01-21 01:21:20,747 - INFO - ✓ 成功: 最年長兄弟 フューココ (2021年)
2026-01-21 01:21:20,747 - INFO -   進捗: 240/3706 | 成功: 240 | エラー: 0 | 予想残り時間: 349.1分
2026-01-21 01:21:24,981 - INFO - [241/3706] horse_id: 2020105803 を処理中...
2026-01-21 01:21:25,240 - INFO - ✓ 成功: 最年長兄弟 マイネルコモドーア (2021年)
2026-01-21 01:21:31,769 - INFO - [242/3706] horse_id: 2021106199 を処理中...
2026-01-21 01:21:32,042 - INFO - ✓ 成功: 最年長兄弟 ウインテラジーナ (2023年)
2026-01-21 01:21:39,063 - INFO - [243/3706] horse_id: 2022101917 を処理中...
2026-01-21 01:21:39,357 - INFO - ✓ 成功: 最年長兄弟 スプリングドリーム (2023年)
2026-01-21 01:21:45,852 - INFO - [244/3706] horse_id: 2021102572 を処理中...
2026-01-21 01:21:46,071 - INFO - ✓ 成功: 最年長兄弟 メイショウキタダケ (2022年)
2026-01-21 01:21:49,093 - INFO - [245/3706] horse_id: 2021103682 を処理中...
2026-01-21 01:21:49,870 - INFO - ✓ 成功: 最年長兄弟 エンパイアブルーの2020 (2020年)
2026-01-21 01:21:54,260 - INFO - [246/3706] horse_id: 2021106078 を処理中...
2026-01-21 01:21:54,444 - INFO - ✓ 成功: 最年長兄弟 マルヨスカーレット (2019年)
2026-01-21 01:21:59,831 - INFO - [247/3706] horse_id: 2022103188 を処理中...
2026-01-21 01:22:00,051 - INFO - ✓ 成功: 最年長兄弟 メイショウレオネス (2013年)
2026-01-21 01:22:04,032 - INFO - [248/3706] horse_id: 2022107135 を処理中...
2026-01-21 01:22:04,327 - INFO - ✓ 成功: 最年長兄弟 タガノヒダマリ (2023年)
2026-01-21 01:22:11,382 - INFO - [249/3706] horse_id: 2020105031 を処理中...
2026-01-21 01:22:11,806 - INFO - ✓ 成功: 最年長兄弟 キシャリの2004 (2004年)
2026-01-21 01:22:14,978 - INFO - [250/3706] horse_id: 2021110146 を処理中...
2026-01-21 01:22:15,688 - INFO - ✓ 成功: 兄弟なし
2026-01-21 01:22:15,688 - INFO -   進捗: 250/3706 | 成功: 250 | エラー: 0 | 予想残り時間: 346.8分
2026-01-21 01:22:19,946 - INFO - [251/3706] horse_id: 2022105909 を処理中...
2026-01-21 01:22:20,148 - INFO - ✓ 成功: 最年長兄弟 イーサンミラー (2023年)
2026-01-21 01:22:26,951 - INFO - [252/3706] horse_id: 2020110155 を処理中...
2026-01-21 01:22:27,862 - INFO - ✓ 成功: 兄弟なし
2026-01-21 01:22:34,817 - INFO - [253/3706] horse_id: 2021104995 を処理中...
2026-01-21 01:22:34,942 - INFO - ✓ 成功: 最年長兄弟 カイザーバルの2020 (2020年)
2026-01-21 01:22:42,529 - INFO - [254/3706] horse_id: 2021105040 を処理中...
2026-01-21 01:22:43,312 - INFO - ✓ 成功: 最年長兄弟 ゴージャスランチの2022 (2022年)
2026-01-21 01:22:49,645 - INFO - [255/3706] horse_id: 2021106766 を処理中...
2026-01-21 01:22:49,883 - INFO - ✓ 成功: 最年長兄弟 ウアーシュプルング (2022年)
2026-01-21 01:22:57,292 - INFO - [256/3706] horse_id: 2022110034 を処理中...
2026-01-21 01:22:57,544 - INFO - ✓ 成功: 兄弟なし
2026-01-21 01:23:04,234 - INFO - [257/3706] horse_id: 2021101019 を処理中...
2026-01-21 01:23:05,166 - INFO - ✓ 成功: 最年長兄弟 ヴノ (2022年)
2026-01-21 01:23:12,246 - INFO - [258/3706] horse_id: 2021103943 を処理中...
2026-01-21 01:23:13,021 - INFO - ✓ 成功: 最年長兄弟 クインズメレンゲ (2022年)
2026-01-21 01:23:20,896 - INFO - [259/3706] horse_id: 2021106904 を処理中...
2026-01-21 01:23:21,258 - INFO - ✓ 成功: 最年長兄弟 レイラブレイン (2020年)
2026-01-21 01:23:29,187 - INFO - [260/3706] horse_id: 2021110153 を処理中...
2026-01-21 01:23:29,416 - INFO - ✓ 成功: 兄弟なし
2026-01-21 01:23:29,416 - INFO -   進捗: 260/3706 | 成功: 260 | エラー: 0 | 予想残り時間: 348.8分
2026-01-21 01:23:36,161 - INFO - [261/3706] horse_id: 2022103053 を処理中...
2026-01-21 01:23:36,866 - INFO - ✓ 成功: 最年長兄弟 ケイアイバザラ (2020年)
2026-01-21 01:23:43,293 - INFO - [262/3706] horse_id: 2022107185 を処理中...
2026-01-21 01:23:43,488 - INFO - ✓ 成功: 最年長兄弟 マゲバスピード (2023年)
2026-01-21 01:23:46,723 - INFO - [263/3706] horse_id: 2019104091 を処理中...
2026-01-21 01:23:46,941 - INFO - ✓ 成功: 最年長兄弟 エッセレンチ (2020年)
2026-01-21 01:23:54,394 - INFO - [264/3706] horse_id: 2020101209 を処理中...
2026-01-21 01:23:54,768 - INFO - ✓ 成功: 最年長兄弟 セキテイサク (2021年)
2026-01-21 01:24:01,968 - INFO - [265/3706] horse_id: 2022103304 を処理中...
2026-01-21 01:24:02,716 - INFO - ✓ 成功: 兄弟なし
2026-01-21 01:24:10,340 - INFO - [266/3706] horse_id: 2020102077 を処理中...
2026-01-21 01:24:11,066 - INFO - ✓ 成功: 最年長兄弟 ジゼル (2019年)
2026-01-21 01:24:17,106 - INFO - [267/3706] horse_id: 2020104725 を処理中...
2026-01-21 01:24:17,953 - INFO - ✓ 成功: 最年長兄弟 クールフォルテ (2019年)
2026-01-21 01:24:22,510 - INFO - [268/3706] horse_id: 2020104878 を処理中...
2026-01-21 01:24:22,995 - INFO - ✓ 成功: 最年長兄弟 スプレムータ (2021年)
2026-01-21 01:24:26,104 - INFO - [269/3706] horse_id: 2021107253 を処理中...
2026-01-21 01:24:26,358 - INFO - ✓ 成功: 最年長兄弟 ニシノハナムスメの2019 (2019年)
2026-01-21 01:24:33,744 - INFO - [270/3706] horse_id: 2021100652 を処理中...
2026-01-21 01:24:34,626 - INFO - ✓ 成功: 最年長兄弟 ベルギューン (2022年)
2026-01-21 01:24:34,626 - INFO -   進捗: 270/3706 | 成功: 270 | エラー: 0 | 予想残り時間: 348.7分
2026-01-21 01:24:38,157 - INFO - [271/3706] horse_id: 2021103550 を処理中...
2026-01-21 01:24:38,432 - INFO - ✓ 成功: 最年長兄弟 ホウオウハナビ (2022年)
2026-01-21 01:24:44,334 - INFO - [272/3706] horse_id: 2021100935 を処理中...
2026-01-21 01:24:45,427 - INFO - ✓ 成功: 最年長兄弟 ララベルドゥニュイ (2022年)
2026-01-21 01:24:52,698 - INFO - [273/3706] horse_id: 2021110020 を処理中...
2026-01-21 01:24:53,261 - INFO - ✓ 成功: 兄弟なし
2026-01-21 01:24:59,557 - INFO - [274/3706] horse_id: 2022100781 を処理中...
2026-01-21 01:24:59,811 - INFO - ✓ 成功: 最年長兄弟 アベリア (2023年)
2026-01-21 01:25:04,509 - INFO - [275/3706] horse_id: 2022105163 を処理中...
2026-01-21 01:25:04,812 - INFO - ✓ 成功: 最年長兄弟 ルージュフィーリア (2023年)
2026-01-21 01:25:11,129 - INFO - [276/3706] horse_id: 2021103338 を処理中...
2026-01-21 01:25:11,467 - INFO - ✓ 成功: 最年長兄弟 ハピハピハッピー (2022年)
2026-01-21 01:25:16,956 - INFO - [277/3706] horse_id: 2021105496 を処理中...
2026-01-21 01:25:17,762 - INFO - ✓ 成功: 最年長兄弟 シャルクハフト (2022年)
2026-01-21 01:25:25,673 - INFO - [278/3706] horse_id: 2021105555 を処理中...
2026-01-21 01:25:26,351 - INFO - ✓ 成功: 最年長兄弟 ジャニーヌ (2022年)
2026-01-21 01:25:30,541 - INFO - [279/3706] horse_id: 2021105738 を処理中...
2026-01-21 01:25:49,612 - INFO - ✓ 成功: 最年長兄弟 アメリカンバー (2022年)
2026-01-21 01:25:57,032 - INFO - [280/3706] horse_id: 2022102749 を処理中...
2026-01-21 01:25:57,886 - INFO - ✓ 成功: 最年長兄弟 アンリ (2021年)
2026-01-21 01:25:57,886 - INFO -   進捗: 280/3706 | 成功: 280 | エラー: 0 | 予想残り時間: 352.3分
2026-01-21 01:26:01,008 - INFO - [281/3706] horse_id: 2022105076 を処理中...
2026-01-21 01:26:01,677 - INFO - ✓ 成功: 最年長兄弟 パラワン (2023年)
2026-01-21 01:26:08,131 - INFO - [282/3706] horse_id: 2019102585 を処理中...
2026-01-21 01:26:08,420 - INFO - ✓ 成功: 最年長兄弟 フジインザスカイの2018 (2018年)
2026-01-21 01:26:11,845 - INFO - [283/3706] horse_id: 2020101486 を処理中...
2026-01-21 01:26:12,080 - INFO - ✓ 成功: 最年長兄弟 スターオブモア (2019年)
2026-01-21 01:26:16,392 - INFO - [284/3706] horse_id: 2020102891 を処理中...
2026-01-21 01:26:17,051 - INFO - ✓ 成功: 最年長兄弟 パカーラン (2021年)
2026-01-21 01:26:22,207 - INFO - [285/3706] horse_id: 2020103434 を処理中...
2026-01-21 01:26:22,482 - INFO - ✓ 成功: 最年長兄弟 トウショウジルバ (2013年)
2026-01-21 01:26:26,050 - INFO - [286/3706] horse_id: 2021105127 を処理中...
2026-01-21 01:26:26,323 - INFO - ✓ 成功: 最年長兄弟 テラノヴァの2022 (2022年)
2026-01-21 01:42:14,058 - INFO - [287/3706] horse_id: 2021105434 を処理中...
2026-01-21 01:42:14,110 - WARNING - リクエストエラー (試行 1/3): ('Connection aborted.', ConnectionResetError(54, 'Connection reset by peer'))
2026-01-21 01:45:09,688 - INFO - ✓ 成功: 最年長兄弟 ルージュヴィオーラ (2022年)
2026-01-21 01:45:17,621 - INFO - [288/3706] horse_id: 2021105454 を処理中...
2026-01-21 01:45:18,402 - INFO - ✓ 成功: 最年長兄弟 セリオヴェローチェ (2022年)
2026-01-21 01:45:25,485 - INFO - [289/3706] horse_id: 2021105849 を処理中...
2026-01-21 01:45:26,418 - INFO - ✓ 成功: 最年長兄弟 エピファランド (2022年)
2026-01-21 01:45:33,694 - INFO - [290/3706] horse_id: 2022104751 を処理中...
2026-01-21 01:45:34,552 - INFO - ✓ 成功: 最年長兄弟 アクロフェイズ (2023年)
2026-01-21 01:45:34,552 - INFO -   進捗: 290/3706 | 成功: 290 | エラー: 0 | 予想残り時間: 570.1分
2026-01-21 01:45:40,680 - INFO - [291/3706] horse_id: 2022106347 を処理中...
2026-01-21 01:45:41,386 - INFO - ✓ 成功: 最年長兄弟 ソルトアイリス (2023年)
2026-01-21 01:45:47,742 - INFO - [292/3706] horse_id: 2020107036 を処理中...
2026-01-21 01:45:48,150 - INFO - ✓ 成功: 最年長兄弟 エルドジュリエーネ (2022年)
2026-01-21 01:45:52,326 - INFO - [293/3706] horse_id: 2021110165 を処理中...
2026-01-21 01:45:52,603 - INFO - ✓ 成功: 兄弟なし
2026-01-21 01:46:46,875 - INFO - [294/3706] horse_id: 2022101171 を処理中...
2026-01-21 01:46:47,194 - INFO - ✓ 成功: 最年長兄弟 ルミリンナ (2017年)
2026-01-21 01:46:50,750 - INFO - [295/3706] horse_id: 2019109106 を処理中...
2026-01-21 01:46:51,090 - INFO - ✓ 成功: 最年長兄弟 クレッシェンド (2020年)
2026-01-21 01:46:56,872 - INFO - [296/3706] horse_id: 2020104194 を処理中...
2026-01-21 01:46:57,651 - INFO - ✓ 成功: 最年長兄弟 ライヴラスカル (2021年)
2026-01-21 01:47:03,304 - INFO - [297/3706] horse_id: 2022104944 を処理中...
2026-01-21 01:47:03,580 - INFO - ✓ 成功: 最年長兄弟 ハウナニの2024 (2024年)
2026-01-21 01:47:10,834 - INFO - [298/3706] horse_id: 2019103898 を処理中...
2026-01-21 01:47:11,919 - INFO - ✓ 成功: 最年長兄弟 キングベル (2022年)
2026-01-21 01:47:16,577 - INFO - [299/3706] horse_id: 2021103210 を処理中...
2026-01-21 01:47:17,612 - INFO - ✓ 成功: 最年長兄弟 メイショウハバネラの2022 (2022年)
2026-01-21 01:47:21,464 - INFO - [300/3706] horse_id: 2021104503 を処理中...
2026-01-21 01:47:21,760 - INFO - ✓ 成功: 最年長兄弟 ジャスミンガール (2022年)
2026-01-21 01:47:21,760 - INFO -   進捗: 300/3706 | 成功: 300 | エラー: 0 | 予想残り時間: 569.8分
2026-01-21 01:47:27,561 - INFO - [301/3706] horse_id: 2021105939 を処理中...
2026-01-21 01:47:28,378 - INFO - ✓ 成功: 最年長兄弟 メイショウコウベ (2022年)
2026-01-21 01:53:34,633 - INFO - [302/3706] horse_id: 2022104501 を処理中...
2026-01-21 01:53:35,392 - INFO - ✓ 成功: 最年長兄弟 アマテラスイメル (2023年)
2026-01-21 01:53:41,646 - INFO - [303/3706] horse_id: 2022103592 を処理中...
2026-01-21 01:53:42,553 - INFO - ✓ 成功: 最年長兄弟 ラルビッツ (2021年)
2026-01-21 01:53:50,493 - INFO - [304/3706] horse_id: 2021101702 を処理中...
2026-01-21 01:53:50,743 - INFO - ✓ 成功: 最年長兄弟 カレンダーイヤー (2022年)
2026-01-21 01:53:54,895 - INFO - [305/3706] horse_id: 2020102488 を処理中...
2026-01-21 01:53:55,561 - INFO - ✓ 成功: 最年長兄弟 トーセンシエンタ (2021年)
2026-01-21 01:53:59,970 - INFO - [306/3706] horse_id: 2020103844 を処理中...
2026-01-21 01:54:00,454 - INFO - ✓ 成功: 最年長兄弟 ウエスタンゲート (2010年)
2026-01-21 01:54:05,635 - INFO - [307/3706] horse_id: 2021101015 を処理中...
2026-01-21 01:54:06,476 - INFO - ✓ 成功: 最年長兄弟 レスピラシオン (2020年)
2026-01-21 01:54:09,781 - INFO - [308/3706] horse_id: 2021101478 を処理中...
2026-01-21 01:54:10,500 - INFO - ✓ 成功: 最年長兄弟 ダノンマーガレット (2023年)
2026-01-21 01:54:17,225 - INFO - [309/3706] horse_id: 2021105150 を処理中...
2026-01-21 01:54:17,434 - INFO - ✓ 成功: 最年長兄弟 ナレラの2020 (2020年)
2026-01-21 02:12:02,081 - INFO - [310/3706] horse_id: 2021110147 を処理中...
2026-01-21 02:12:02,119 - WARNING - リクエストエラー (試行 1/3): ('Connection aborted.', ConnectionResetError(54, 'Connection reset by peer'))
2026-01-21 02:28:11,009 - INFO - ✓ 成功: 兄弟なし
2026-01-21 02:28:11,010 - INFO -   進捗: 310/3706 | 成功: 310 | エラー: 0 | 予想残り時間: 997.0分
2026-01-21 02:28:18,463 - INFO - [311/3706] horse_id: 2020102840 を処理中...
2026-01-21 02:28:18,859 - INFO - ✓ 成功: 最年長兄弟 プレパラシオン (2021年)
2026-01-21 02:28:22,634 - INFO - [312/3706] horse_id: 2020103901 を処理中...
2026-01-21 02:28:23,402 - INFO - ✓ 成功: 最年長兄弟 マイエール (2021年)
2026-01-21 02:28:28,638 - INFO - [313/3706] horse_id: 2021107171 を処理中...
2026-01-21 02:28:29,365 - INFO - ✓ 成功: 最年長兄弟 ウンナターシャ (2023年)
2026-01-21 02:28:34,482 - INFO - [314/3706] horse_id: 2021110008 を処理中...
2026-01-21 02:28:34,810 - INFO - ✓ 成功: 最年長兄弟 タイセイドラード (2022年)
2026-01-21 02:28:40,224 - INFO - [315/3706] horse_id: 2022101048 を処理中...
2026-01-21 02:28:40,468 - INFO - ✓ 成功: 最年長兄弟 ショウナンアワード (2023年)
2026-01-21 02:28:45,764 - INFO - [316/3706] horse_id: 2022104918 を処理中...
2026-01-21 02:28:46,062 - INFO - ✓ 成功: 最年長兄弟 マハーワンサ (2021年)
2026-01-21 02:28:52,719 - INFO - [317/3706] horse_id: 2022105557 を処理中...
2026-01-21 02:28:53,060 - INFO - ✓ 成功: 最年長兄弟 リバティハイツの2024 (2024年)
2026-01-21 02:28:59,898 - INFO - [318/3706] horse_id: 2022110077 を処理中...
2026-01-21 03:17:55,625 - WARNING - リクエストエラー (試行 1/3): ('Connection aborted.', ConnectionResetError(54, 'Connection reset by peer'))
2026-01-21 03:20:37,112 - INFO - ✓ 成功: 兄弟なし
2026-01-21 03:20:40,754 - INFO - [319/3706] horse_id: 2021102276 を処理中...
2026-01-21 03:20:41,508 - INFO - ✓ 成功: 最年長兄弟 レイネイル (2022年)
2026-01-21 03:20:48,773 - INFO - [320/3706] horse_id: 2021102498 を処理中...
2026-01-21 03:20:49,470 - INFO - ✓ 成功: 最年長兄弟 ダイアモンドモア (2020年)
2026-01-21 03:20:49,470 - INFO -   進捗: 320/3706 | 成功: 320 | エラー: 0 | 予想残り時間: 1520.0分
2026-01-21 03:20:57,188 - INFO - [321/3706] horse_id: 2022101481 を処理中...
2026-01-21 03:20:57,353 - INFO - ✓ 成功: 最年長兄弟 シェーンブルーメ (2020年)
2026-01-21 03:21:04,600 - INFO - [322/3706] horse_id: 2020101784 を処理中...
2026-01-21 03:21:04,871 - INFO - ✓ 成功: 最年長兄弟 キャンドルマス (2021年)
2026-01-21 03:21:12,457 - INFO - [323/3706] horse_id: 2020106534 を処理中...
2026-01-21 03:21:13,232 - INFO - ✓ 成功: 最年長兄弟 メイショウコオロギ (2021年)
2026-01-21 03:21:17,566 - INFO - [324/3706] horse_id: 2020106896 を処理中...
2026-01-21 03:21:17,808 - INFO - ✓ 成功: 最年長兄弟 チャコール (2021年)
2026-01-21 03:36:27,914 - INFO - [325/3706] horse_id: 2020110068 を処理中...
2026-01-21 03:36:27,931 - WARNING - リクエストエラー (試行 1/3): ('Connection aborted.', ConnectionResetError(54, 'Connection reset by peer'))
2026-01-21 03:52:23,373 - INFO - ✓ 成功: 最年長兄弟 ディスタントスカイ (2021年)
2026-01-21 04:25:53,195 - INFO - [326/3706] horse_id: 2022107133 を処理中...
2026-01-21 04:25:54,253 - INFO - ✓ 成功: 最年長兄弟 タガノガンチーニの2011 (2011年)
2026-01-21 04:40:55,593 - INFO - [327/3706] horse_id: 2020102273 を処理中...
2026-01-21 04:40:55,614 - WARNING - リクエストエラー (試行 1/3): ('Connection aborted.', ConnectionResetError(54, 'Connection reset by peer'))
2026-01-21 04:56:32,489 - INFO - ✓ 成功: 最年長兄弟 キタノキセキ (2016年)
2026-01-21 05:13:26,056 - INFO - [328/3706] horse_id: 2020105018 を処理中...
2026-01-21 05:13:26,092 - WARNING - リクエストエラー (試行 1/3): ('Connection aborted.', ConnectionResetError(54, 'Connection reset by peer'))
2026-01-21 05:29:42,756 - INFO - ✓ 成功: 最年長兄弟 トニーテソーロ (2021年)
2026-01-21 05:45:19,926 - INFO - [329/3706] horse_id: 2020109148 を処理中...
2026-01-21 05:45:19,939 - WARNING - リクエストエラー (試行 1/3): ('Connection aborted.', ConnectionResetError(54, 'Connection reset by peer'))
2026-01-21 06:01:27,003 - INFO - ✓ 成功: 最年長兄弟 エイシンホルス (2016年)
2026-01-21 06:01:30,160 - INFO - [330/3706] horse_id: 2021104649 を処理中...
2026-01-21 06:18:27,821 - WARNING - リクエストエラー (試行 1/3): ('Connection aborted.', ConnectionResetError(54, 'Connection reset by peer'))
2026-01-21 06:33:36,527 - INFO - ✓ 成功: 最年長兄弟 ワイドクリーガー (2022年)
2026-01-21 06:33:36,528 - INFO -   進捗: 330/3706 | 成功: 330 | エラー: 0 | 予想残り時間: 3441.8分
2026-01-21 06:51:26,816 - INFO - [331/3706] horse_id: 2020103736 を処理中...
2026-01-21 06:51:26,835 - WARNING - リクエストエラー (試行 1/3): ('Connection aborted.', ConnectionResetError(54, 'Connection reset by peer'))
2026-01-21 07:07:13,555 - INFO - ✓ 成功: 最年長兄弟 レガシーオブエリザ (2021年)
2026-01-21 07:14:49,201 - INFO - [332/3706] horse_id: 2020106415 を処理中...
2026-01-21 07:14:49,435 - INFO - ✓ 成功: 最年長兄弟 キラメイテ (2022年)
2026-01-21 07:14:56,185 - INFO - [333/3706] horse_id: 2021105057 を処理中...
2026-01-21 07:14:56,847 - INFO - ✓ 成功: 最年長兄弟 シンゼンカガ (2022年)
2026-01-21 07:15:01,618 - INFO - [334/3706] horse_id: 2020104708 を処理中...
2026-01-21 07:15:02,284 - INFO - ✓ 成功: 最年長兄弟 ツナプリンセス (2012年)
2026-01-21 07:15:09,967 - INFO - [335/3706] horse_id: 2021101195 を処理中...
2026-01-21 07:15:10,361 - INFO - ✓ 成功: 最年長兄弟 コーリンブリリアンの2019 (2019年)
2026-01-21 07:15:17,409 - INFO - [336/3706] horse_id: 2021110001 を処理中...
2026-01-21 07:15:18,336 - INFO - ✓ 成功: 最年長兄弟 フランクスピード (2022年)
2026-01-21 07:15:23,807 - INFO - [337/3706] horse_id: 2021110030 を処理中...
2026-01-21 07:15:24,530 - INFO - ✓ 成功: 最年長兄弟 リヤドスカイライン (2022年)
2026-01-21 07:15:30,330 - INFO - [338/3706] horse_id: 2021110060 を処理中...
2026-01-21 07:15:30,603 - INFO - ✓ 成功: 兄弟なし
2026-01-21 07:32:04,790 - INFO - [339/3706] horse_id: 2022104939 を処理中...
2026-01-21 07:32:04,816 - WARNING - リクエストエラー (試行 1/3): ('Connection aborted.', ConnectionResetError(54, 'Connection reset by peer'))
2026-01-21 07:49:26,914 - INFO - ✓ 成功: 最年長兄弟 ノチェセラーダ (2023年)
2026-01-21 08:05:40,755 - INFO - [340/3706] horse_id: 2022110014 を処理中...
2026-01-21 08:05:41,174 - INFO - ✓ 成功: 兄弟なし
2026-01-21 08:05:41,174 - INFO -   進捗: 340/3706 | 成功: 340 | エラー: 0 | 予想残り時間: 4242.3分
2026-01-21 08:22:55,983 - INFO - [341/3706] horse_id: 2022110120 を処理中...
2026-01-21 08:22:56,008 - WARNING - リクエストエラー (試行 1/3): ('Connection aborted.', ConnectionResetError(54, 'Connection reset by peer'))
2026-01-21 08:40:25,470 - INFO - ✓ 成功: 兄弟なし
2026-01-21 08:57:06,513 - INFO - [342/3706] horse_id: 2021105661 を処理中...
2026-01-21 08:57:06,534 - WARNING - リクエストエラー (試行 1/3): ('Connection aborted.', ConnectionResetError(54, 'Connection reset by peer'))
2026-01-21 09:14:38,882 - INFO - ✓ 成功: 最年長兄弟 レガーロカリーノ (2022年)
2026-01-21 09:15:51,563 - INFO - [343/3706] horse_id: 2021110161 を処理中...
2026-01-21 09:15:51,919 - INFO - ✓ 成功: 兄弟なし
2026-01-21 09:15:58,784 - INFO - [344/3706] horse_id: 2022104761 を処理中...
2026-01-21 09:15:59,465 - INFO - ✓ 成功: 最年長兄弟 グレイシエーション (2023年)
2026-01-21 09:16:06,666 - INFO - [345/3706] horse_id: 2022106218 を処理中...
2026-01-21 09:16:07,063 - INFO - ✓ 成功: 最年長兄弟 ウインファビラスの2021 (2021年)
2026-01-21 09:16:11,580 - INFO - [346/3706] horse_id: 2020101543 を処理中...
2026-01-21 09:16:11,992 - INFO - ✓ 成功: 最年長兄弟 ブリックワーク (2021年)
2026-01-21 09:16:16,704 - INFO - [347/3706] horse_id: 2020103045 を処理中...
2026-01-21 09:16:17,404 - INFO - ✓ 成功: 最年長兄弟 ベネスピラ (2022年)
2026-01-21 09:16:22,592 - INFO - [348/3706] horse_id: 2020106006 を処理中...
2026-01-21 09:16:22,930 - INFO - ✓ 成功: 最年長兄弟 ライトヴェール (2021年)
2026-01-21 09:16:30,066 - INFO - [349/3706] horse_id: 2022105209 を処理中...
2026-01-21 09:16:31,038 - INFO - ✓ 成功: 最年長兄弟 アンパンタイム (2023年)
2026-01-21 09:25:26,901 - INFO - [350/3706] horse_id: 2020103398 を処理中...
2026-01-21 09:25:27,586 - WARNING - リクエストエラー (試行 1/3): ('Connection aborted.', ConnectionResetError(54, 'Connection reset by peer'))
2026-01-21 09:25:34,346 - INFO - ✓ 成功: 最年長兄弟 トロヴァトーレ (2021年)
2026-01-21 09:25:34,347 - INFO -   進捗: 350/3706 | 成功: 350 | エラー: 0 | 予想残り時間: 4874.8分
2026-01-21 09:25:38,964 - INFO - [351/3706] horse_id: 2021106993 を処理中...
2026-01-21 09:25:39,398 - INFO - ✓ 成功: 最年長兄弟 ナハトフリュグ (2022年)
2026-01-21 09:25:44,048 - INFO - [352/3706] horse_id: 2020101707 を処理中...
2026-01-21 09:25:44,302 - INFO - ✓ 成功: 最年長兄弟 スマートマートル (2021年)
2026-01-21 09:25:51,582 - INFO - [353/3706] horse_id: 2021100739 を処理中...
2026-01-21 09:25:52,386 - INFO - ✓ 成功: 最年長兄弟 ジューンシェイド (2022年)
2026-01-21 09:25:58,827 - INFO - [354/3706] horse_id: 2021101691 を処理中...
2026-01-21 09:25:59,144 - INFO - ✓ 成功: 最年長兄弟 インディーフィルム (2022年)
2026-01-21 09:26:02,980 - INFO - [355/3706] horse_id: 2022101068 を処理中...
2026-01-21 09:26:03,222 - INFO - ✓ 成功: 最年長兄弟 クラテロス (2023年)
2026-01-21 09:26:10,160 - INFO - [356/3706] horse_id: 2022101686 を処理中...
2026-01-21 09:26:10,425 - INFO - ✓ 成功: 最年長兄弟 アイニードユー (2023年)
2026-01-21 09:26:16,664 - INFO - [357/3706] horse_id: 2022104403 を処理中...
2026-01-21 09:26:17,420 - INFO - ✓ 成功: 最年長兄弟 キャディクラシコ (2024年)
2026-01-21 09:26:21,073 - INFO - [358/3706] horse_id: 2021101801 を処理中...
2026-01-21 09:26:21,477 - INFO - ✓ 成功: 最年長兄弟 ドキドキ (2023年)
2026-01-21 09:26:25,933 - INFO - [359/3706] horse_id: 2022106482 を処理中...
2026-01-21 09:26:26,237 - INFO - ✓ 成功: 最年長兄弟 サツキジュエル (2023年)
2026-01-21 09:26:32,127 - INFO - [360/3706] horse_id: 2022104619 を処理中...
2026-01-21 09:26:32,887 - INFO - ✓ 成功: 最年長兄弟 ゾロアストロ (2023年)
2026-01-21 09:26:32,887 - INFO -   進捗: 360/3706 | 成功: 360 | エラー: 0 | 予想残り時間: 4734.3分
2026-01-21 09:26:37,185 - INFO - [361/3706] horse_id: 2020102861 を処理中...
2026-01-21 09:26:37,848 - INFO - ✓ 成功: 最年長兄弟 セレニティ (2022年)
2026-01-21 09:26:42,605 - INFO - [362/3706] horse_id: 2021105580 を処理中...
2026-01-21 09:26:43,312 - INFO - ✓ 成功: 最年長兄弟 ショウナンバジャラ (2022年)
2026-01-21 09:26:48,550 - INFO - [363/3706] horse_id: 2021105742 を処理中...
2026-01-21 09:26:49,233 - INFO - ✓ 成功: 最年長兄弟 マカナアネラ (2023年)
2026-01-21 09:26:56,079 - INFO - [364/3706] horse_id: 2020101550 を処理中...
2026-01-21 09:26:56,752 - INFO - ✓ 成功: 最年長兄弟 カティアール (2021年)
2026-01-21 09:27:01,385 - INFO - [365/3706] horse_id: 2021105730 を処理中...
2026-01-21 09:27:02,293 - INFO - ✓ 成功: 最年長兄弟 ピーチバウム (2020年)
2026-01-21 09:27:06,830 - INFO - [366/3706] horse_id: 2021110138 を処理中...
2026-01-21 09:27:07,630 - INFO - ✓ 成功: 兄弟なし
2026-01-21 09:27:12,409 - INFO - [367/3706] horse_id: 2020104572 を処理中...
2026-01-21 09:27:13,002 - INFO - ✓ 成功: 最年長兄弟 ミスターボーラー (2019年)
